[0916/182157.473:ERROR:process_reader_win.cc(155)] SuspendThread: Access is denied. (0x5)
[0916/182157.473:ERROR:process_reader_win.cc(155)] SuspendThread: Access is denied. (0x5)
[0916/182157.473:ERROR:process_reader_win.cc(155)] SuspendThread: Access is denied. (0x5)
[0916/182157.473:ERROR:process_reader_win.cc(155)] SuspendThread: Access is denied. (0x5)
[0916/182157.473:ERROR:process_reader_win.cc(155)] SuspendThread: Access is denied. (0x5)
[0916/182157.473:ERROR:process_reader_win.cc(155)] SuspendThread: Access is denied. (0x5)
[0916/182157.473:ERROR:process_reader_win.cc(155)] SuspendThread: Access is denied. (0x5)
[0916/182157.473:ERROR:process_reader_win.cc(155)] SuspendThread: Access is denied. (0x5)
[0916/182157.473:ERROR:process_reader_win.cc(155)] SuspendThread: Access is denied. (0x5)
[0916/182157.473:ERROR:process_reader_win.cc(155)] SuspendThread: Access is denied. (0x5)
[0916/182157.473:ERROR:process_reader_win.cc(155)] SuspendThread: Access is denied. (0x5)
[0916/182157.473:ERROR:process_reader_win.cc(155)] SuspendThread: Access is denied. (0x5)
[0916/182157.473:ERROR:process_reader_win.cc(155)] SuspendThread: Access is denied. (0x5)
[0916/182157.473:ERROR:process_reader_win.cc(155)] SuspendThread: Access is denied. (0x5)
[0916/182157.473:ERROR:process_reader_win.cc(127)] NtOpenThread: {Access Denied} A process has requested access to an object, but has not been granted those access rights. (0xc0000022)
[0916/182157.473:ERROR:process_reader_win.cc(127)] NtOpenThread: {Access Denied} A process has requested access to an object, but has not been granted those access rights. (0xc0000022)
[0916/182157.473:ERROR:exception_snapshot_win.cc(100)] thread ID 26440 not found in process
[0916/182157.473:ERROR:exception_snapshot_win.cc(100)] thread ID 6888 not found in process
[0916/182157.473:ERROR:process_reader_win.cc(155)] SuspendThread: Access is denied. (0x5)
[0916/182157.473:ERROR:process_reader_win.cc(155)] SuspendThread: Access is denied. (0x5)
[0916/182157.473:ERROR:process_reader_win.cc(155)] SuspendThread: Access is denied. (0x5)
[0916/182157.473:ERROR:process_reader_win.cc(155)] SuspendThread: Access is denied. (0x5)
[0916/182157.473:ERROR:process_reader_win.cc(127)] NtOpenThread: {Access Denied} A process has requested access to an object, but has not been granted those access rights. (0xc0000022)
[0916/182157.473:ERROR:process_reader_win.cc(155)] SuspendThread: Access is denied. (0x5)
[0916/182157.473:ERROR:exception_snapshot_win.cc(100)] thread ID 22568 not found in process
[0916/182157.473:ERROR:process_reader_win.cc(155)] SuspendThread: Access is denied. (0x5)
[0916/182157.473:ERROR:process_reader_win.cc(155)] SuspendThread: Access is denied. (0x5)
[0916/182157.473:ERROR:process_reader_win.cc(155)] SuspendThread: Access is denied. (0x5)
[0916/182157.473:ERROR:process_reader_win.cc(155)] SuspendThread: Access is denied. (0x5)
[0916/182157.473:ERROR:process_reader_win.cc(155)] SuspendThread: Access is denied. (0x5)
[0916/182157.473:ERROR:process_reader_win.cc(155)] SuspendThread: Access is denied. (0x5)
[0916/182157.473:ERROR:process_reader_win.cc(155)] SuspendThread: Access is denied. (0x5)
[0916/182157.473:ERROR:process_reader_win.cc(155)] SuspendThread: Access is denied. (0x5)
[0916/182157.473:ERROR:process_reader_win.cc(155)] SuspendThread: Access is denied. (0x5)
[0916/182157.473:ERROR:process_reader_win.cc(127)] NtOpenThread: {Access Denied} A process has requested access to an object, but has not been granted those access rights. (0xc0000022)
[0916/182157.473:ERROR:exception_snapshot_win.cc(100)] thread ID 20372 not found in process
[0916/182157.630:ERROR:process_reader_win.cc(127)] NtOpenThread: {Access Denied} A process has requested access to an object, but has not been granted those access rights. (0xc0000022)
[0916/182157.630:ERROR:exception_snapshot_win.cc(100)] thread ID 22436 not found in process
[0916/182157.630:ERROR:process_reader_win.cc(127)] NtOpenThread: {Access Denied} A process has requested access to an object, but has not been granted those access rights. (0xc0000022)
[0916/182157.630:ERROR:exception_snapshot_win.cc(100)] thread ID 4508 not found in process
[0916/182157.630:ERROR:process_reader_win.cc(127)] NtOpenThread: {Access Denied} A process has requested access to an object, but has not been granted those access rights. (0xc0000022)
[0916/182157.630:ERROR:exception_snapshot_win.cc(100)] thread ID 20880 not found in process
[0916/182157.630:ERROR:process_reader_win.cc(127)] NtOpenThread: {Access Denied} A process has requested access to an object, but has not been granted those access rights. (0xc0000022)
[0916/182157.630:ERROR:exception_snapshot_win.cc(100)] thread ID 2532 not found in process
[0916/182157.645:ERROR:process_reader_win.cc(127)] NtOpenThread: {Access Denied} A process has requested access to an object, but has not been granted those access rights. (0xc0000022)
[0916/182157.645:ERROR:exception_snapshot_win.cc(100)] thread ID 7932 not found in process
[0916/182157.770:ERROR:process_reader_win.cc(127)] NtOpenThread: {Access Denied} A process has requested access to an object, but has not been granted those access rights. (0xc0000022)
[0916/182157.770:ERROR:exception_snapshot_win.cc(100)] thread ID 23904 not found in process
[0916/182157.864:ERROR:minidumpwritedump_with_crashpad_info.cc(452)] Failed to call MiniDumpWriteDump: Access is denied. (0x80070005)
[0916/182157.864:ERROR:minidumpwritedump_with_crashpad_info.cc(661)] Failed to write minidump file
[0916/182157.864:ERROR:crash_report_exception_handler.cc(132)] TryMiniDumpWriteDumpWithCrashpadInfo failed
[0916/182157.864:ERROR:process_memory_win.cc(73)] ReadMemory at 0x7ff76dd50000 of 64 bytes failed: Only part of a ReadProcessMemory or WriteProcessMemory request was completed. (0x12B)
[0916/182157.864:WARNING:pe_image_reader.cc(340)] could not read dos header from C:\Program Files (x86)\Microsoft\Edge\Application\msedge.exe
[0916/182157.864:ERROR:process_memory_win.cc(73)] ReadMemory at 0x7ff8d18d0000 of 64 bytes failed: Only part of a ReadProcessMemory or WriteProcessMemory request was completed. (0x12B)
[0916/182157.864:WARNING:pe_image_reader.cc(340)] could not read dos header from C:\WINDOWS\SYSTEM32\ntdll.dll
[0916/182157.864:ERROR:process_memory_win.cc(73)] ReadMemory at 0x7ff8d0310000 of 64 bytes failed: Only part of a ReadProcessMemory or WriteProcessMemory request was completed. (0x12B)
[0916/182157.864:WARNING:pe_image_reader.cc(340)] could not read dos header from C:\WINDOWS\System32\KERNEL32.DLL
[0916/182157.864:ERROR:process_memory_win.cc(73)] ReadMemory at 0x7ff8cf010000 of 64 bytes failed: Only part of a ReadProcessMemory or WriteProcessMemory request was completed. (0x12B)
[0916/182157.864:WARNING:pe_image_reader.cc(340)] could not read dos header from C:\WINDOWS\System32\KERNELBASE.dll
[0916/182157.864:ERROR:process_memory_win.cc(73)] ReadMemory at 0x7ff893690000 of 64 bytes failed: Only part of a ReadProcessMemory or WriteProcessMemory request was completed. (0x12B)
[0916/182157.864:WARNING:pe_image_reader.cc(340)] could not read dos header from C:\Program Files (x86)\Microsoft\Edge\Application\85.0.564.51\msedge_elf.dll
[0916/182157.864:ERROR:process_memory_win.cc(73)] ReadMemory at 0x7ff8d0b80000 of 64 bytes failed: Only part of a ReadProcessMemory or WriteProcessMemory request was completed. (0x12B)
[0916/182157.864:WARNING:pe_image_reader.cc(340)] could not read dos header from C:\WINDOWS\System32\ADVAPI32.dll
[0916/182157.864:ERROR:process_memory_win.cc(73)] ReadMemory at 0x7ff8d0140000 of 64 bytes failed: Only part of a ReadProcessMemory or WriteProcessMemory request was completed. (0x12B)
[0916/182157.864:WARNING:pe_image_reader.cc(340)] could not read dos header from C:\WINDOWS\System32\msvcrt.dll
[0916/182157.864:ERROR:process_memory_win.cc(73)] ReadMemory at 0x7ff8d1790000 of 64 bytes failed: Only part of a ReadProcessMemory or WriteProcessMemory request was completed. (0x12B)
[0916/182157.864:WARNING:pe_image_reader.cc(340)] could not read dos header from C:\WINDOWS\System32\sechost.dll
[0916/182157.864:ERROR:process_memory_win.cc(73)] ReadMemory at 0x7ff8cfc90000 of 64 bytes failed: Only part of a ReadProcessMemory or WriteProcessMemory request was completed. (0x12B)
[0916/182157.864:WARNING:pe_image_reader.cc(340)] could not read dos header from C:\WINDOWS\System32\RPCRT4.dll
[0916/182157.864:ERROR:process_memory_win.cc(73)] ReadMemory at 0x7ff8d0020000 of 64 bytes failed: Only part of a ReadProcessMemory or WriteProcessMemory request was completed. (0x12B)
[0916/182157.864:WARNING:pe_image_reader.cc(340)] could not read dos header from C:\WINDOWS\System32\WS2_32.dll
[0916/182157.864:ERROR:process_memory_win.cc(73)] ReadMemory at 0x7ff8d01e0000 of 64 bytes failed: Only part of a ReadProcessMemory or WriteProcessMemory request was completed. (0x12B)
[0916/182157.864:WARNING:pe_image_reader.cc(340)] could not read dos header from C:\WINDOWS\System32\OLEAUT32.dll
[0916/182157.864:ERROR:process_memory_win.cc(73)] ReadMemory at 0x7ff8cf440000 of 64 bytes failed: Only part of a ReadProcessMemory or WriteProcessMemory request was completed. (0x12B)
[0916/182157.864:WARNING:pe_image_reader.cc(340)] could not read dos header from C:\WINDOWS\System32\msvcp_win.dll
[0916/182157.864:ERROR:process_memory_win.cc(73)] ReadMemory at 0x7ff8cf640000 of 64 bytes failed: Only part of a ReadProcessMemory or WriteProcessMemory request was completed. (0x12B)
[0916/182157.864:WARNING:pe_image_reader.cc(340)] could not read dos header from C:\WINDOWS\System32\ucrtbase.dll
[0916/182157.864:ERROR:process_memory_win.cc(73)] ReadMemory at 0x7ff8d0c30000 of 64 bytes failed: Only part of a ReadProcessMemory or WriteProcessMemory request was completed. (0x12B)
[0916/182157.864:WARNING:pe_image_reader.cc(340)] could not read dos header from C:\WINDOWS\System32\combase.dll
[0916/182157.864:ERROR:process_memory_win.cc(73)] ReadMemory at 0x7ff8cf850000 of 64 bytes failed: Only part of a ReadProcessMemory or WriteProcessMemory request was completed. (0x12B)
[0916/182157.864:WARNING:pe_image_reader.cc(340)] could not read dos header from C:\WINDOWS\System32\WINTRUST.dll
[0916/182157.864:ERROR:process_memory_win.cc(73)] ReadMemory at 0x7ff8cf2e0000 of 64 bytes failed: Only part of a ReadProcessMemory or WriteProcessMemory request was completed. (0x12B)
[0916/182157.864:WARNING:pe_image_reader.cc(340)] could not read dos header from C:\WINDOWS\System32\CRYPT32.dll
[0916/182157.864:ERROR:process_memory_win.cc(73)] ReadMemory at 0x7ff8ce420000 of 64 bytes failed: Only part of a ReadProcessMemory or WriteProcessMemory request was completed. (0x12B)
[0916/182157.864:WARNING:pe_image_reader.cc(340)] could not read dos header from C:\WINDOWS\SYSTEM32\IPHLPAPI.DLL
[0916/182157.864:ERROR:process_memory_win.cc(73)] ReadMemory at 0x7ff8bcfd0000 of 64 bytes failed: Only part of a ReadProcessMemory or WriteProcessMemory request was completed. (0x12B)
[0916/182157.864:WARNING:pe_image_reader.cc(340)] could not read dos header from C:\WINDOWS\SYSTEM32\WINMM.dll
[0916/182157.864:ERROR:process_memory_win.cc(73)] ReadMemory at 0x7ff8a5bd0000 of 64 bytes failed: Only part of a ReadProcessMemory or WriteProcessMemory request was completed. (0x12B)
[0916/182157.864:WARNING:pe_image_reader.cc(340)] could not read dos header from C:\WINDOWS\SYSTEM32\UIAutomationCore.DLL
[0916/182157.864:ERROR:process_memory_win.cc(73)] ReadMemory at 0x7ff8b74f0000 of 64 bytes failed: Only part of a ReadProcessMemory or WriteProcessMemory request was completed. (0x12B)
[0916/182157.864:WARNING:pe_image_reader.cc(340)] could not read dos header from C:\WINDOWS\SYSTEM32\Secur32.dll
[0916/182157.864:ERROR:process_memory_win.cc(73)] ReadMemory at 0x7ff8cef00000 of 64 bytes failed: Only part of a ReadProcessMemory or WriteProcessMemory request was completed. (0x12B)
[0916/182157.864:WARNING:pe_image_reader.cc(340)] could not read dos header from C:\WINDOWS\SYSTEM32\USERENV.dll
[0916/182157.864:ERROR:process_memory_win.cc(73)] ReadMemory at 0x7ff8cbdd0000 of 64 bytes failed: Only part of a ReadProcessMemory or WriteProcessMemory request was completed. (0x12B)
[0916/182157.864:WARNING:pe_image_reader.cc(340)] could not read dos header from C:\WINDOWS\SYSTEM32\WINHTTP.dll
[0916/182157.864:ERROR:process_memory_win.cc(73)] ReadMemory at 0x7ff8bf250000 of 64 bytes failed: Only part of a ReadProcessMemory or WriteProcessMemory request was completed. (0x12B)
[0916/182157.864:WARNING:pe_image_reader.cc(340)] could not read dos header from C:\WINDOWS\SYSTEM32\DWrite.dll
[0916/182157.864:ERROR:process_memory_win.cc(73)] ReadMemory at 0x7ff8a9160000 of 64 bytes failed: Only part of a ReadProcessMemory or WriteProcessMemory request was completed. (0x12B)
[0916/182157.864:WARNING:pe_image_reader.cc(340)] could not read dos header from C:\WINDOWS\SYSTEM32\WINSPOOL.DRV
[0916/182157.864:ERROR:process_memory_win.cc(73)] ReadMemory at 0x7ff8cd610000 of 64 bytes failed: Only part of a ReadProcessMemory or WriteProcessMemory request was completed. (0x12B)
[0916/182157.864:WARNING:pe_image_reader.cc(340)] could not read dos header from C:\WINDOWS\SYSTEM32\dbghelp.dll
[0916/182157.864:ERROR:process_memory_win.cc(73)] ReadMemory at 0x7ff8cea80000 of 64 bytes failed: Only part of a ReadProcessMemory or WriteProcessMemory request was completed. (0x12B)
[0916/182157.864:WARNING:pe_image_reader.cc(340)] could not read dos header from C:\WINDOWS\SYSTEM32\ncrypt.dll
[0916/182157.864:ERROR:process_memory_win.cc(73)] ReadMemory at 0x7ff8c4150000 of 64 bytes failed: Only part of a ReadProcessMemory or WriteProcessMemory request was completed. (0x12B)
[0916/182157.864:WARNING:pe_image_reader.cc(340)] could not read dos header from C:\WINDOWS\SYSTEM32\dhcpcsvc.DLL
[0916/182157.864:ERROR:process_memory_win.cc(73)] ReadMemory at 0x7ff8c9fa0000 of 64 bytes failed: Only part of a ReadProcessMemory or WriteProcessMemory request was completed. (0x12B)
[0916/182157.864:WARNING:pe_image_reader.cc(340)] could not read dos header from C:\WINDOWS\SYSTEM32\PROPSYS.dll
[0916/182157.864:ERROR:process_memory_win.cc(73)] ReadMemory at 0x7ff8ceec0000 of 64 bytes failed: Only part of a ReadProcessMemory or WriteProcessMemory request was completed. (0x12B)
[0916/182157.864:WARNING:pe_image_reader.cc(340)] could not read dos header from C:\WINDOWS\SYSTEM32\SSPICLI.DLL
[0916/182157.864:ERROR:process_memory_win.cc(73)] ReadMemory at 0x7ff8cf5e0000 of 64 bytes failed: Only part of a ReadProcessMemory or WriteProcessMemory request was completed. (0x12B)
[0916/182157.864:WARNING:pe_image_reader.cc(340)] could not read dos header from C:\WINDOWS\System32\BCRYPT.DLL
[0916/182157.864:ERROR:process_memory_win.cc(73)] ReadMemory at 0x7ff8cebb0000 of 64 bytes failed: Only part of a ReadProcessMemory or WriteProcessMemory request was completed. (0x12B)
[0916/182157.864:WARNING:pe_image_reader.cc(340)] could not read dos header from C:\WINDOWS\System32\MSASN1.dll
[0916/182157.864:ERROR:process_memory_win.cc(73)] ReadMemory at 0x7ff8cf8b0000 of 64 bytes failed: Only part of a ReadProcessMemory or WriteProcessMemory request was completed. (0x12B)
[0916/182157.864:WARNING:pe_image_reader.cc(340)] could not read dos header from C:\WINDOWS\System32\bcryptPrimitives.dll
[0916/182157.864:ERROR:process_memory_win.cc(73)] ReadMemory at 0x7ff8cea40000 of 64 bytes failed: Only part of a ReadProcessMemory or WriteProcessMemory request was completed. (0x12B)
[0916/182157.864:WARNING:pe_image_reader.cc(340)] could not read dos header from C:\WINDOWS\SYSTEM32\NTASN1.dll
[0916/182157.864:ERROR:process_memory_win.cc(73)] ReadMemory at 0x7ff8ce980000 of 64 bytes failed: Only part of a ReadProcessMemory or WriteProcessMemory request was completed. (0x12B)
[0916/182157.864:WARNING:pe_image_reader.cc(340)] could not read dos header from C:\WINDOWS\SYSTEM32\CRYPTBASE.DLL
[0916/182157.864:ERROR:process_memory_win.cc(73)] ReadMemory at 0x7ff8cef40000 of 64 bytes failed: Only part of a ReadProcessMemory or WriteProcessMemory request was completed. (0x12B)
[0916/182157.864:WARNING:pe_image_reader.cc(340)] could not read dos header from C:\WINDOWS\System32\profapi.dll
[0916/182157.864:ERROR:process_memory_win.cc(73)] ReadMemory at 0x7ff76dd50000 of 64 bytes failed: Only part of a ReadProcessMemory or WriteProcessMemory request was completed. (0x12B)
[0916/182157.864:WARNING:pe_image_reader.cc(340)] could not read dos header from C:\Program Files (x86)\Microsoft\Edge\Application\msedge.exe
[0916/182157.864:ERROR:process_memory_win.cc(73)] ReadMemory at 0x7ff76dd50000 of 64 bytes failed: Only part of a ReadProcessMemory or WriteProcessMemory request was completed. (0x12B)
[0916/182157.864:WARNING:pe_image_reader.cc(340)] could not read dos header from C:\Program Files (x86)\Microsoft\Edge\Application\msedge.exe
[0916/182157.864:ERROR:process_memory_win.cc(73)] ReadMemory at 0x7ff8d18d0000 of 64 bytes failed: Only part of a ReadProcessMemory or WriteProcessMemory request was completed. (0x12B)
[0916/182157.864:WARNING:pe_image_reader.cc(340)] could not read dos header from C:\WINDOWS\SYSTEM32\ntdll.dll
[0916/182157.864:ERROR:process_memory_win.cc(73)] ReadMemory at 0x7ff8d18d0000 of 64 bytes failed: Only part of a ReadProcessMemory or WriteProcessMemory request was completed. (0x12B)
[0916/182157.864:WARNING:pe_image_reader.cc(340)] could not read dos header from C:\WINDOWS\SYSTEM32\ntdll.dll
[0916/182157.864:ERROR:process_memory_win.cc(73)] ReadMemory at 0x7ff8d0310000 of 64 bytes failed: Only part of a ReadProcessMemory or WriteProcessMemory request was completed. (0x12B)
[0916/182157.864:WARNING:pe_image_reader.cc(340)] could not read dos header from C:\WINDOWS\System32\KERNEL32.DLL
[0916/182157.864:ERROR:process_memory_win.cc(73)] ReadMemory at 0x7ff8d0310000 of 64 bytes failed: Only part of a ReadProcessMemory or WriteProcessMemory request was completed. (0x12B)
[0916/182157.864:WARNING:pe_image_reader.cc(340)] could not read dos header from C:\WINDOWS\System32\KERNEL32.DLL
[0916/182157.864:ERROR:process_memory_win.cc(73)] ReadMemory at 0x7ff8cf010000 of 64 bytes failed: Only part of a ReadProcessMemory or WriteProcessMemory request was completed. (0x12B)
[0916/182157.864:WARNING:pe_image_reader.cc(340)] could not read dos header from C:\WINDOWS\System32\KERNELBASE.dll
[0916/182157.864:ERROR:process_memory_win.cc(73)] ReadMemory at 0x7ff8cf010000 of 64 bytes failed: Only part of a ReadProcessMemory or WriteProcessMemory request was completed. (0x12B)
[0916/182157.864:WARNING:pe_image_reader.cc(340)] could not read dos header from C:\WINDOWS\System32\KERNELBASE.dll
[0916/182157.864:ERROR:process_memory_win.cc(73)] ReadMemory at 0x7ff893690000 of 64 bytes failed: Only part of a ReadProcessMemory or WriteProcessMemory request was completed. (0x12B)
[0916/182157.864:WARNING:pe_image_reader.cc(340)] could not read dos header from C:\Program Files (x86)\Microsoft\Edge\Application\85.0.564.51\msedge_elf.dll
[0916/182157.864:ERROR:process_memory_win.cc(73)] ReadMemory at 0x7ff893690000 of 64 bytes failed: Only part of a ReadProcessMemory or WriteProcessMemory request was completed. (0x12B)
[0916/182157.864:WARNING:pe_image_reader.cc(340)] could not read dos header from C:\Program Files (x86)\Microsoft\Edge\Application\85.0.564.51\msedge_elf.dll
[0916/182157.864:ERROR:process_memory_win.cc(73)] ReadMemory at 0x7ff8d0b80000 of 64 bytes failed: Only part of a ReadProcessMemory or WriteProcessMemory request was completed. (0x12B)
[0916/182157.864:WARNING:pe_image_reader.cc(340)] could not read dos header from C:\WINDOWS\System32\ADVAPI32.dll
[0916/182157.864:ERROR:process_memory_win.cc(73)] ReadMemory at 0x7ff8d0b80000 of 64 bytes failed: Only part of a ReadProcessMemory or WriteProcessMemory request was completed. (0x12B)
[0916/182157.864:WARNING:pe_image_reader.cc(340)] could not read dos header from C:\WINDOWS\System32\ADVAPI32.dll
[0916/182157.864:ERROR:process_memory_win.cc(73)] ReadMemory at 0x7ff8d0140000 of 64 bytes failed: Only part of a ReadProcessMemory or WriteProcessMemory request was completed. (0x12B)
[0916/182157.864:WARNING:pe_image_reader.cc(340)] could not read dos header from C:\WINDOWS\System32\msvcrt.dll
[0916/182157.864:ERROR:process_memory_win.cc(73)] ReadMemory at 0x7ff8d0140000 of 64 bytes failed: Only part of a ReadProcessMemory or WriteProcessMemory request was completed. (0x12B)
[0916/182157.864:WARNING:pe_image_reader.cc(340)] could not read dos header from C:\WINDOWS\System32\msvcrt.dll
[0916/182157.864:ERROR:process_memory_win.cc(73)] ReadMemory at 0x7ff8d1790000 of 64 bytes failed: Only part of a ReadProcessMemory or WriteProcessMemory request was completed. (0x12B)
[0916/182157.864:WARNING:pe_image_reader.cc(340)] could not read dos header from C:\WINDOWS\System32\sechost.dll
[0916/182157.864:ERROR:process_memory_win.cc(73)] ReadMemory at 0x7ff8d1790000 of 64 bytes failed: Only part of a ReadProcessMemory or WriteProcessMemory request was completed. (0x12B)
[0916/182157.864:WARNING:pe_image_reader.cc(340)] could not read dos header from C:\WINDOWS\System32\sechost.dll
[0916/182157.864:ERROR:process_memory_win.cc(73)] ReadMemory at 0x7ff8cfc90000 of 64 bytes failed: Only part of a ReadProcessMemory or WriteProcessMemory request was completed. (0x12B)
[0916/182157.864:WARNING:pe_image_reader.cc(340)] could not read dos header from C:\WINDOWS\System32\RPCRT4.dll
[0916/182157.864:ERROR:process_memory_win.cc(73)] ReadMemory at 0x7ff8cfc90000 of 64 bytes failed: Only part of a ReadProcessMemory or WriteProcessMemory request was completed. (0x12B)
[0916/182157.864:WARNING:pe_image_reader.cc(340)] could not read dos header from C:\WINDOWS\System32\RPCRT4.dll
[0916/182157.864:ERROR:process_memory_win.cc(73)] ReadMemory at 0x7ff8565f0000 of 64 bytes failed: Only part of a ReadProcessMemory or WriteProcessMemory request was completed. (0x12B)
[0916/182157.864:WARNING:pe_image_reader.cc(340)] could not read dos header from C:\Program Files (x86)\Microsoft\Edge\Application\85.0.564.51\msedge.dll
[0916/182157.864:ERROR:process_memory_win.cc(73)] ReadMemory at 0x7ff8565f0000 of 64 bytes failed: Only part of a ReadProcessMemory or WriteProcessMemory request was completed. (0x12B)
[0916/182157.864:WARNING:pe_image_reader.cc(340)] could not read dos header from C:\Program Files (x86)\Microsoft\Edge\Application\85.0.564.51\msedge.dll
[0916/182157.864:ERROR:process_memory_win.cc(73)] ReadMemory at 0x7ff8d0020000 of 64 bytes failed: Only part of a ReadProcessMemory or WriteProcessMemory request was completed. (0x12B)
[0916/182157.864:WARNING:pe_image_reader.cc(340)] could not read dos header from C:\WINDOWS\System32\WS2_32.dll
[0916/182157.864:ERROR:process_memory_win.cc(73)] ReadMemory at 0x7ff8d0020000 of 64 bytes failed: Only part of a ReadProcessMemory or WriteProcessMemory request was completed. (0x12B)
[0916/182157.864:WARNING:pe_image_reader.cc(340)] could not read dos header from C:\WINDOWS\System32\WS2_32.dll
[0916/182157.864:ERROR:process_memory_win.cc(73)] ReadMemory at 0x7ff8d01e0000 of 64 bytes failed: Only part of a ReadProcessMemory or WriteProcessMemory request was completed. (0x12B)
[0916/182157.864:WARNING:pe_image_reader.cc(340)] could not read dos header from C:\WINDOWS\System32\OLEAUT32.dll
[0916/182157.864:ERROR:process_memory_win.cc(73)] ReadMemory at 0x7ff8d01e0000 of 64 bytes failed: Only part of a ReadProcessMemory or WriteProcessMemory request was completed. (0x12B)
[0916/182157.864:WARNING:pe_image_reader.cc(340)] could not read dos header from C:\WINDOWS\System32\OLEAUT32.dll
[0916/182157.864:ERROR:process_memory_win.cc(73)] ReadMemory at 0x7ff8cf440000 of 64 bytes failed: Only part of a ReadProcessMemory or WriteProcessMemory request was completed. (0x12B)
[0916/182157.864:WARNING:pe_image_reader.cc(340)] could not read dos header from C:\WINDOWS\System32\msvcp_win.dll
[0916/182157.864:ERROR:process_memory_win.cc(73)] ReadMemory at 0x7ff8cf440000 of 64 bytes failed: Only part of a ReadProcessMemory or WriteProcessMemory request was completed. (0x12B)
[0916/182157.864:WARNING:pe_image_reader.cc(340)] could not read dos header from C:\WINDOWS\System32\msvcp_win.dll
[0916/182157.864:ERROR:process_memory_win.cc(73)] ReadMemory at 0x7ff8cf640000 of 64 bytes failed: Only part of a ReadProcessMemory or WriteProcessMemory request was completed. (0x12B)
[0916/182157.864:WARNING:pe_image_reader.cc(340)] could not read dos header from C:\WINDOWS\System32\ucrtbase.dll
[0916/182157.864:ERROR:process_memory_win.cc(73)] ReadMemory at 0x7ff8cf640000 of 64 bytes failed: Only part of a ReadProcessMemory or WriteProcessMemory request was completed. (0x12B)
[0916/182157.864:WARNING:pe_image_reader.cc(340)] could not read dos header from C:\WINDOWS\System32\ucrtbase.dll
[0916/182157.864:ERROR:process_memory_win.cc(73)] ReadMemory at 0x7ff8d0c30000 of 64 bytes failed: Only part of a ReadProcessMemory or WriteProcessMemory request was completed. (0x12B)
[0916/182157.864:WARNING:pe_image_reader.cc(340)] could not read dos header from C:\WINDOWS\System32\combase.dll
[0916/182157.864:ERROR:process_memory_win.cc(73)] ReadMemory at 0x7ff8d0c30000 of 64 bytes failed: Only part of a ReadProcessMemory or WriteProcessMemory request was completed. (0x12B)
[0916/182157.864:WARNING:pe_image_reader.cc(340)] could not read dos header from C:\WINDOWS\System32\combase.dll
[0916/182157.864:ERROR:process_memory_win.cc(73)] ReadMemory at 0x7ff8cf850000 of 64 bytes failed: Only part of a ReadProcessMemory or WriteProcessMemory request was completed. (0x12B)
[0916/182157.864:WARNING:pe_image_reader.cc(340)] could not read dos header from C:\WINDOWS\System32\WINTRUST.dll
[0916/182157.864:ERROR:process_memory_win.cc(73)] ReadMemory at 0x7ff8cf850000 of 64 bytes failed: Only part of a ReadProcessMemory or WriteProcessMemory request was completed. (0x12B)
[0916/182157.864:WARNING:pe_image_reader.cc(340)] could not read dos header from C:\WINDOWS\System32\WINTRUST.dll
[0916/182157.864:ERROR:process_memory_win.cc(73)] ReadMemory at 0x7ff8cf2e0000 of 64 bytes failed: Only part of a ReadProcessMemory or WriteProcessMemory request was completed. (0x12B)
[0916/182157.864:WARNING:pe_image_reader.cc(340)] could not read dos header from C:\WINDOWS\System32\CRYPT32.dll
[0916/182157.864:ERROR:process_memory_win.cc(73)] ReadMemory at 0x7ff8cf2e0000 of 64 bytes failed: Only part of a ReadProcessMemory or WriteProcessMemory request was completed. (0x12B)
[0916/182157.864:WARNING:pe_image_reader.cc(340)] could not read dos header from C:\WINDOWS\System32\CRYPT32.dll
[0916/182157.864:ERROR:process_memory_win.cc(73)] ReadMemory at 0x7ff8ce420000 of 64 bytes failed: Only part of a ReadProcessMemory or WriteProcessMemory request was completed. (0x12B)
[0916/182157.864:WARNING:pe_image_reader.cc(340)] could not read dos header from C:\WINDOWS\SYSTEM32\IPHLPAPI.DLL
[0916/182157.864:ERROR:process_memory_win.cc(73)] ReadMemory at 0x7ff8ce420000 of 64 bytes failed: Only part of a ReadProcessMemory or WriteProcessMemory request was completed. (0x12B)
[0916/182157.864:WARNING:pe_image_reader.cc(340)] could not read dos header from C:\WINDOWS\SYSTEM32\IPHLPAPI.DLL
[0916/182157.864:ERROR:process_memory_win.cc(73)] ReadMemory at 0x7ff8bcfd0000 of 64 bytes failed: Only part of a ReadProcessMemory or WriteProcessMemory request was completed. (0x12B)
[0916/182157.864:WARNING:pe_image_reader.cc(340)] could not read dos header from C:\WINDOWS\SYSTEM32\WINMM.dll
[0916/182157.864:ERROR:process_memory_win.cc(73)] ReadMemory at 0x7ff8bcfd0000 of 64 bytes failed: Only part of a ReadProcessMemory or WriteProcessMemory request was completed. (0x12B)
[0916/182157.864:WARNING:pe_image_reader.cc(340)] could not read dos header from C:\WINDOWS\SYSTEM32\WINMM.dll
[0916/182157.864:ERROR:process_memory_win.cc(73)] ReadMemory at 0x7ff8a5bd0000 of 64 bytes failed: Only part of a ReadProcessMemory or WriteProcessMemory request was completed. (0x12B)
[0916/182157.864:WARNING:pe_image_reader.cc(340)] could not read dos header from C:\WINDOWS\SYSTEM32\UIAutomationCore.DLL
[0916/182157.864:ERROR:process_memory_win.cc(73)] ReadMemory at 0x7ff8a5bd0000 of 64 bytes failed: Only part of a ReadProcessMemory or WriteProcessMemory request was completed. (0x12B)
[0916/182157.864:WARNING:pe_image_reader.cc(340)] could not read dos header from C:\WINDOWS\SYSTEM32\UIAutomationCore.DLL
[0916/182157.864:ERROR:process_memory_win.cc(73)] ReadMemory at 0x7ff8b74f0000 of 64 bytes failed: Only part of a ReadProcessMemory or WriteProcessMemory request was completed. (0x12B)
[0916/182157.864:WARNING:pe_image_reader.cc(340)] could not read dos header from C:\WINDOWS\SYSTEM32\Secur32.dll
[0916/182157.864:ERROR:process_memory_win.cc(73)] ReadMemory at 0x7ff8b74f0000 of 64 bytes failed: Only part of a ReadProcessMemory or WriteProcessMemory request was completed. (0x12B)
[0916/182157.864:WARNING:pe_image_reader.cc(340)] could not read dos header from C:\WINDOWS\SYSTEM32\Secur32.dll
[0916/182157.864:ERROR:process_memory_win.cc(73)] ReadMemory at 0x7ff8cef00000 of 64 bytes failed: Only part of a ReadProcessMemory or WriteProcessMemory request was completed. (0x12B)
[0916/182157.864:WARNING:pe_image_reader.cc(340)] could not read dos header from C:\WINDOWS\SYSTEM32\USERENV.dll
[0916/182157.864:ERROR:process_memory_win.cc(73)] ReadMemory at 0x7ff8cef00000 of 64 bytes failed: Only part of a ReadProcessMemory or WriteProcessMemory request was completed. (0x12B)
[0916/182157.864:WARNING:pe_image_reader.cc(340)] could not read dos header from C:\WINDOWS\SYSTEM32\USERENV.dll
[0916/182157.864:ERROR:process_memory_win.cc(73)] ReadMemory at 0x7ff8cbdd0000 of 64 bytes failed: Only part of a ReadProcessMemory or WriteProcessMemory request was completed. (0x12B)
[0916/182157.864:WARNING:pe_image_reader.cc(340)] could not read dos header from C:\WINDOWS\SYSTEM32\WINHTTP.dll
[0916/182157.864:ERROR:process_memory_win.cc(73)] ReadMemory at 0x7ff8cbdd0000 of 64 bytes failed: Only part of a ReadProcessMemory or WriteProcessMemory request was completed. (0x12B)
[0916/182157.864:WARNING:pe_image_reader.cc(340)] could not read dos header from C:\WINDOWS\SYSTEM32\WINHTTP.dll
[0916/182157.864:ERROR:process_memory_win.cc(73)] ReadMemory at 0x7ff8bf250000 of 64 bytes failed: Only part of a ReadProcessMemory or WriteProcessMemory request was completed. (0x12B)
[0916/182157.864:WARNING:pe_image_reader.cc(340)] could not read dos header from C:\WINDOWS\SYSTEM32\DWrite.dll
[0916/182157.864:ERROR:process_memory_win.cc(73)] ReadMemory at 0x7ff8bf250000 of 64 bytes failed: Only part of a ReadProcessMemory or WriteProcessMemory request was completed. (0x12B)
[0916/182157.864:WARNING:pe_image_reader.cc(340)] could not read dos header from C:\WINDOWS\SYSTEM32\DWrite.dll
[0916/182157.864:ERROR:process_memory_win.cc(73)] ReadMemory at 0x7ff8a9160000 of 64 bytes failed: Only part of a ReadProcessMemory or WriteProcessMemory request was completed. (0x12B)
[0916/182157.864:WARNING:pe_image_reader.cc(340)] could not read dos header from C:\WINDOWS\SYSTEM32\WINSPOOL.DRV
[0916/182157.864:ERROR:process_memory_win.cc(73)] ReadMemory at 0x7ff8a9160000 of 64 bytes failed: Only part of a ReadProcessMemory or WriteProcessMemory request was completed. (0x12B)
[0916/182157.864:WARNING:pe_image_reader.cc(340)] could not read dos header from C:\WINDOWS\SYSTEM32\WINSPOOL.DRV
[0916/182157.864:ERROR:process_memory_win.cc(73)] ReadMemory at 0x7ff8cd610000 of 64 bytes failed: Only part of a ReadProcessMemory or WriteProcessMemory request was completed. (0x12B)
[0916/182157.864:WARNING:pe_image_reader.cc(340)] could not read dos header from C:\WINDOWS\SYSTEM32\dbghelp.dll
[0916/182157.864:ERROR:process_memory_win.cc(73)] ReadMemory at 0x7ff8cd610000 of 64 bytes failed: Only part of a ReadProcessMemory or WriteProcessMemory request was completed. (0x12B)
[0916/182157.864:WARNING:pe_image_reader.cc(340)] could not read dos header from C:\WINDOWS\SYSTEM32\dbghelp.dll
[0916/182157.864:ERROR:process_memory_win.cc(73)] ReadMemory at 0x7ff8cea80000 of 64 bytes failed: Only part of a ReadProcessMemory or WriteProcessMemory request was completed. (0x12B)
[0916/182157.864:WARNING:pe_image_reader.cc(340)] could not read dos header from C:\WINDOWS\SYSTEM32\ncrypt.dll
[0916/182157.864:ERROR:process_memory_win.cc(73)] ReadMemory at 0x7ff8cea80000 of 64 bytes failed: Only part of a ReadProcessMemory or WriteProcessMemory request was completed. (0x12B)
[0916/182157.864:WARNING:pe_image_reader.cc(340)] could not read dos header from C:\WINDOWS\SYSTEM32\ncrypt.dll
[0916/182157.864:ERROR:process_memory_win.cc(73)] ReadMemory at 0x7ff8c4150000 of 64 bytes failed: Only part of a ReadProcessMemory or WriteProcessMemory request was completed. (0x12B)
[0916/182157.864:WARNING:pe_image_reader.cc(340)] could not read dos header from C:\WINDOWS\SYSTEM32\dhcpcsvc.DLL
[0916/182157.864:ERROR:process_memory_win.cc(73)] ReadMemory at 0x7ff8c4150000 of 64 bytes failed: Only part of a ReadProcessMemory or WriteProcessMemory request was completed. (0x12B)
[0916/182157.864:WARNING:pe_image_reader.cc(340)] could not read dos header from C:\WINDOWS\SYSTEM32\dhcpcsvc.DLL
[0916/182157.864:ERROR:process_memory_win.cc(73)] ReadMemory at 0x7ff8c9fa0000 of 64 bytes failed: Only part of a ReadProcessMemory or WriteProcessMemory request was completed. (0x12B)
[0916/182157.864:WARNING:pe_image_reader.cc(340)] could not read dos header from C:\WINDOWS\SYSTEM32\PROPSYS.dll
[0916/182157.864:ERROR:process_memory_win.cc(73)] ReadMemory at 0x7ff8c9fa0000 of 64 bytes failed: Only part of a ReadProcessMemory or WriteProcessMemory request was completed. (0x12B)
[0916/182157.864:WARNING:pe_image_reader.cc(340)] could not read dos header from C:\WINDOWS\SYSTEM32\PROPSYS.dll
[0916/182157.864:ERROR:process_memory_win.cc(73)] ReadMemory at 0x7ff8ceec0000 of 64 bytes failed: Only part of a ReadProcessMemory or WriteProcessMemory request was completed. (0x12B)
[0916/182157.864:WARNING:pe_image_reader.cc(340)] could not read dos header from C:\WINDOWS\SYSTEM32\SSPICLI.DLL
[0916/182157.864:ERROR:process_memory_win.cc(73)] ReadMemory at 0x7ff8ceec0000 of 64 bytes failed: Only part of a ReadProcessMemory or WriteProcessMemory request was completed. (0x12B)
[0916/182157.864:WARNING:pe_image_reader.cc(340)] could not read dos header from C:\WINDOWS\SYSTEM32\SSPICLI.DLL
[0916/182157.864:ERROR:process_memory_win.cc(73)] ReadMemory at 0x7ff8cf5e0000 of 64 bytes failed: Only part of a ReadProcessMemory or WriteProcessMemory request was completed. (0x12B)
[0916/182157.864:WARNING:pe_image_reader.cc(340)] could not read dos header from C:\WINDOWS\System32\BCRYPT.DLL
[0916/182157.864:ERROR:process_memory_win.cc(73)] ReadMemory at 0x7ff8cf5e0000 of 64 bytes failed: Only part of a ReadProcessMemory or WriteProcessMemory request was completed. (0x12B)
[0916/182157.864:WARNING:pe_image_reader.cc(340)] could not read dos header from C:\WINDOWS\System32\BCRYPT.DLL
[0916/182157.864:ERROR:process_memory_win.cc(73)] ReadMemory at 0x7ff8cebb0000 of 64 bytes failed: Only part of a ReadProcessMemory or WriteProcessMemory request was completed. (0x12B)
[0916/182157.864:WARNING:pe_image_reader.cc(340)] could not read dos header from C:\WINDOWS\System32\MSASN1.dll
[0916/182157.864:ERROR:process_memory_win.cc(73)] ReadMemory at 0x7ff8cebb0000 of 64 bytes failed: Only part of a ReadProcessMemory or WriteProcessMemory request was completed. (0x12B)
[0916/182157.864:WARNING:pe_image_reader.cc(340)] could not read dos header from C:\WINDOWS\System32\MSASN1.dll
[0916/182157.864:ERROR:process_memory_win.cc(73)] ReadMemory at 0x7ff8cf8b0000 of 64 bytes failed: Only part of a ReadProcessMemory or WriteProcessMemory request was completed. (0x12B)
[0916/182157.864:WARNING:pe_image_reader.cc(340)] could not read dos header from C:\WINDOWS\System32\bcryptPrimitives.dll
[0916/182157.864:ERROR:process_memory_win.cc(73)] ReadMemory at 0x7ff8cf8b0000 of 64 bytes failed: Only part of a ReadProcessMemory or WriteProcessMemory request was completed. (0x12B)
[0916/182157.864:WARNING:pe_image_reader.cc(340)] could not read dos header from C:\WINDOWS\System32\bcryptPrimitives.dll
[0916/182157.864:ERROR:process_memory_win.cc(73)] ReadMemory at 0x7ff8cea40000 of 64 bytes failed: Only part of a ReadProcessMemory or WriteProcessMemory request was completed. (0x12B)
[0916/182157.864:WARNING:pe_image_reader.cc(340)] could not read dos header from C:\WINDOWS\SYSTEM32\NTASN1.dll
[0916/182157.864:ERROR:process_memory_win.cc(73)] ReadMemory at 0x7ff8cea40000 of 64 bytes failed: Only part of a ReadProcessMemory or WriteProcessMemory request was completed. (0x12B)
[0916/182157.864:WARNING:pe_image_reader.cc(340)] could not read dos header from C:\WINDOWS\SYSTEM32\NTASN1.dll
[0916/182157.864:ERROR:process_memory_win.cc(73)] ReadMemory at 0x7ff8ce980000 of 64 bytes failed: Only part of a ReadProcessMemory or WriteProcessMemory request was completed. (0x12B)
[0916/182157.864:WARNING:pe_image_reader.cc(340)] could not read dos header from C:\WINDOWS\SYSTEM32\CRYPTBASE.DLL
[0916/182157.864:ERROR:process_memory_win.cc(73)] ReadMemory at 0x7ff8ce980000 of 64 bytes failed: Only part of a ReadProcessMemory or WriteProcessMemory request was completed. (0x12B)
[0916/182157.864:WARNING:pe_image_reader.cc(340)] could not read dos header from C:\WINDOWS\SYSTEM32\CRYPTBASE.DLL
[0916/182157.864:ERROR:process_memory_win.cc(73)] ReadMemory at 0x7ff8cef40000 of 64 bytes failed: Only part of a ReadProcessMemory or WriteProcessMemory request was completed. (0x12B)
[0916/182157.864:WARNING:pe_image_reader.cc(340)] could not read dos header from C:\WINDOWS\System32\profapi.dll
[0916/182157.864:ERROR:process_memory_win.cc(73)] ReadMemory at 0x7ff8cef40000 of 64 bytes failed: Only part of a ReadProcessMemory or WriteProcessMemory request was completed. (0x12B)
[0916/182157.864:WARNING:pe_image_reader.cc(340)] could not read dos header from C:\WINDOWS\System32\profapi.dll
[0916/182157.958:ERROR:process_memory_win.cc(73)] ReadMemory at 0x7ff76dd50000 of 64 bytes failed: Only part of a ReadProcessMemory or WriteProcessMemory request was completed. (0x12B)
[0916/182157.958:WARNING:pe_image_reader.cc(340)] could not read dos header from C:\Program Files (x86)\Microsoft\Edge\Application\msedge.exe
[0916/182157.958:ERROR:process_memory_win.cc(73)] ReadMemory at 0x7ff8d18d0000 of 64 bytes failed: Only part of a ReadProcessMemory or WriteProcessMemory request was completed. (0x12B)
[0916/182157.958:WARNING:pe_image_reader.cc(340)] could not read dos header from C:\WINDOWS\SYSTEM32\ntdll.dll
[0916/182157.958:ERROR:process_memory_win.cc(73)] ReadMemory at 0x7ff8d0310000 of 64 bytes failed: Only part of a ReadProcessMemory or WriteProcessMemory request was completed. (0x12B)
[0916/182157.958:WARNING:pe_image_reader.cc(340)] could not read dos header from C:\WINDOWS\System32\KERNEL32.DLL
[0916/182157.958:ERROR:process_memory_win.cc(73)] ReadMemory at 0x7ff8cf010000 of 64 bytes failed: Only part of a ReadProcessMemory or WriteProcessMemory request was completed. (0x12B)
[0916/182157.958:WARNING:pe_image_reader.cc(340)] could not read dos header from C:\WINDOWS\System32\KERNELBASE.dll
[0916/182157.958:ERROR:process_memory_win.cc(73)] ReadMemory at 0x7ff893690000 of 64 bytes failed: Only part of a ReadProcessMemory or WriteProcessMemory request was completed. (0x12B)
[0916/182157.958:WARNING:pe_image_reader.cc(340)] could not read dos header from C:\Program Files (x86)\Microsoft\Edge\Application\85.0.564.51\msedge_elf.dll
[0916/182157.958:ERROR:process_memory_win.cc(73)] ReadMemory at 0x7ff8d0b80000 of 64 bytes failed: Only part of a ReadProcessMemory or WriteProcessMemory request was completed. (0x12B)
[0916/182157.958:WARNING:pe_image_reader.cc(340)] could not read dos header from C:\WINDOWS\System32\ADVAPI32.dll
[0916/182157.958:ERROR:process_memory_win.cc(73)] ReadMemory at 0x7ff8d0140000 of 64 bytes failed: Only part of a ReadProcessMemory or WriteProcessMemory request was completed. (0x12B)
[0916/182157.958:WARNING:pe_image_reader.cc(340)] could not read dos header from C:\WINDOWS\System32\msvcrt.dll
[0916/182157.958:ERROR:process_memory_win.cc(73)] ReadMemory at 0x7ff8d1790000 of 64 bytes failed: Only part of a ReadProcessMemory or WriteProcessMemory request was completed. (0x12B)
[0916/182157.958:WARNING:pe_image_reader.cc(340)] could not read dos header from C:\WINDOWS\System32\sechost.dll
[0916/182157.958:ERROR:process_memory_win.cc(73)] ReadMemory at 0x7ff8cfc90000 of 64 bytes failed: Only part of a ReadProcessMemory or WriteProcessMemory request was completed. (0x12B)
[0916/182157.958:WARNING:pe_image_reader.cc(340)] could not read dos header from C:\WINDOWS\System32\RPCRT4.dll
[0916/182157.958:ERROR:process_memory_win.cc(73)] ReadMemory at 0x7ff8565f0000 of 64 bytes failed: Only part of a ReadProcessMemory or WriteProcessMemory request was completed. (0x12B)
[0916/182157.958:WARNING:pe_image_reader.cc(340)] could not read dos header from C:\Program Files (x86)\Microsoft\Edge\Application\85.0.564.51\msedge.dll
[0916/182157.958:ERROR:process_memory_win.cc(73)] ReadMemory at 0x7ff8d0020000 of 64 bytes failed: Only part of a ReadProcessMemory or WriteProcessMemory request was completed. (0x12B)
[0916/182157.958:WARNING:pe_image_reader.cc(340)] could not read dos header from C:\WINDOWS\System32\WS2_32.dll
[0916/182157.958:ERROR:process_memory_win.cc(73)] ReadMemory at 0x7ff8d01e0000 of 64 bytes failed: Only part of a ReadProcessMemory or WriteProcessMemory request was completed. (0x12B)
[0916/182157.958:WARNING:pe_image_reader.cc(340)] could not read dos header from C:\WINDOWS\System32\OLEAUT32.dll
[0916/182157.958:ERROR:process_memory_win.cc(73)] ReadMemory at 0x7ff8cf440000 of 64 bytes failed: Only part of a ReadProcessMemory or WriteProcessMemory request was completed. (0x12B)
[0916/182157.958:WARNING:pe_image_reader.cc(340)] could not read dos header from C:\WINDOWS\System32\msvcp_win.dll
[0916/182157.958:ERROR:process_memory_win.cc(73)] ReadMemory at 0x7ff8cf640000 of 64 bytes failed: Only part of a ReadProcessMemory or WriteProcessMemory request was completed. (0x12B)
[0916/182157.958:WARNING:pe_image_reader.cc(340)] could not read dos header from C:\WINDOWS\System32\ucrtbase.dll
[0916/182157.958:ERROR:process_memory_win.cc(73)] ReadMemory at 0x7ff8d0c30000 of 64 bytes failed: Only part of a ReadProcessMemory or WriteProcessMemory request was completed. (0x12B)
[0916/182157.958:WARNING:pe_image_reader.cc(340)] could not read dos header from C:\WINDOWS\System32\combase.dll
[0916/182157.958:ERROR:process_memory_win.cc(73)] ReadMemory at 0x7ff8cf850000 of 64 bytes failed: Only part of a ReadProcessMemory or WriteProcessMemory request was completed. (0x12B)
[0916/182157.958:WARNING:pe_image_reader.cc(340)] could not read dos header from C:\WINDOWS\System32\WINTRUST.dll
[0916/182157.958:ERROR:process_memory_win.cc(73)] ReadMemory at 0x7ff8cf2e0000 of 64 bytes failed: Only part of a ReadProcessMemory or WriteProcessMemory request was completed. (0x12B)
[0916/182157.958:WARNING:pe_image_reader.cc(340)] could not read dos header from C:\WINDOWS\System32\CRYPT32.dll
[0916/182157.958:ERROR:process_memory_win.cc(73)] ReadMemory at 0x7ff8ce420000 of 64 bytes failed: Only part of a ReadProcessMemory or WriteProcessMemory request was completed. (0x12B)
[0916/182157.958:WARNING:pe_image_reader.cc(340)] could not read dos header from C:\WINDOWS\SYSTEM32\IPHLPAPI.DLL
[0916/182157.958:ERROR:process_memory_win.cc(73)] ReadMemory at 0x7ff8bcfd0000 of 64 bytes failed: Only part of a ReadProcessMemory or WriteProcessMemory request was completed. (0x12B)
[0916/182157.958:WARNING:pe_image_reader.cc(340)] could not read dos header from C:\WINDOWS\SYSTEM32\WINMM.dll
[0916/182157.958:ERROR:process_memory_win.cc(73)] ReadMemory at 0x7ff8a5bd0000 of 64 bytes failed: Only part of a ReadProcessMemory or WriteProcessMemory request was completed. (0x12B)
[0916/182157.958:WARNING:pe_image_reader.cc(340)] could not read dos header from C:\WINDOWS\SYSTEM32\UIAutomationCore.DLL
[0916/182157.958:ERROR:process_memory_win.cc(73)] ReadMemory at 0x7ff8b74f0000 of 64 bytes failed: Only part of a ReadProcessMemory or WriteProcessMemory request was completed. (0x12B)
[0916/182157.958:WARNING:pe_image_reader.cc(340)] could not read dos header from C:\WINDOWS\SYSTEM32\Secur32.dll
[0916/182157.958:ERROR:process_memory_win.cc(73)] ReadMemory at 0x7ff8cef00000 of 64 bytes failed: Only part of a ReadProcessMemory or WriteProcessMemory request was completed. (0x12B)
[0916/182157.958:WARNING:pe_image_reader.cc(340)] could not read dos header from C:\WINDOWS\SYSTEM32\USERENV.dll
[0916/182157.958:ERROR:process_memory_win.cc(73)] ReadMemory at 0x7ff8cbdd0000 of 64 bytes failed: Only part of a ReadProcessMemory or WriteProcessMemory request was completed. (0x12B)
[0916/182157.958:WARNING:pe_image_reader.cc(340)] could not read dos header from C:\WINDOWS\SYSTEM32\WINHTTP.dll
[0916/182157.958:ERROR:process_memory_win.cc(73)] ReadMemory at 0x7ff8bf250000 of 64 bytes failed: Only part of a ReadProcessMemory or WriteProcessMemory request was completed. (0x12B)
[0916/182157.958:WARNING:pe_image_reader.cc(340)] could not read dos header from C:\WINDOWS\SYSTEM32\DWrite.dll
[0916/182157.958:ERROR:process_memory_win.cc(73)] ReadMemory at 0x7ff8a9160000 of 64 bytes failed: Only part of a ReadProcessMemory or WriteProcessMemory request was completed. (0x12B)
[0916/182157.958:WARNING:pe_image_reader.cc(340)] could not read dos header from C:\WINDOWS\SYSTEM32\WINSPOOL.DRV
[0916/182157.958:ERROR:process_memory_win.cc(73)] ReadMemory at 0x7ff8cd610000 of 64 bytes failed: Only part of a ReadProcessMemory or WriteProcessMemory request was completed. (0x12B)
[0916/182157.958:WARNING:pe_image_reader.cc(340)] could not read dos header from C:\WINDOWS\SYSTEM32\dbghelp.dll
[0916/182157.958:ERROR:process_memory_win.cc(73)] ReadMemory at 0x7ff8cea80000 of 64 bytes failed: Only part of a ReadProcessMemory or WriteProcessMemory request was completed. (0x12B)
[0916/182157.958:WARNING:pe_image_reader.cc(340)] could not read dos header from C:\WINDOWS\SYSTEM32\ncrypt.dll
[0916/182157.958:ERROR:process_memory_win.cc(73)] ReadMemory at 0x7ff8c4150000 of 64 bytes failed: Only part of a ReadProcessMemory or WriteProcessMemory request was completed. (0x12B)
[0916/182157.958:WARNING:pe_image_reader.cc(340)] could not read dos header from C:\WINDOWS\SYSTEM32\dhcpcsvc.DLL
[0916/182157.958:ERROR:process_memory_win.cc(73)] ReadMemory at 0x7ff8c9fa0000 of 64 bytes failed: Only part of a ReadProcessMemory or WriteProcessMemory request was completed. (0x12B)
[0916/182157.958:WARNING:pe_image_reader.cc(340)] could not read dos header from C:\WINDOWS\SYSTEM32\PROPSYS.dll
[0916/182157.958:ERROR:process_memory_win.cc(73)] ReadMemory at 0x7ff8ceec0000 of 64 bytes failed: Only part of a ReadProcessMemory or WriteProcessMemory request was completed. (0x12B)
[0916/182157.958:WARNING:pe_image_reader.cc(340)] could not read dos header from C:\WINDOWS\SYSTEM32\SSPICLI.DLL
[0916/182157.958:ERROR:process_memory_win.cc(73)] ReadMemory at 0x7ff8cf5e0000 of 64 bytes failed: Only part of a ReadProcessMemory or WriteProcessMemory request was completed. (0x12B)
[0916/182157.958:WARNING:pe_image_reader.cc(340)] could not read dos header from C:\WINDOWS\System32\BCRYPT.DLL
[0916/182157.958:ERROR:process_memory_win.cc(73)] ReadMemory at 0x7ff8cebb0000 of 64 bytes failed: Only part of a ReadProcessMemory or WriteProcessMemory request was completed. (0x12B)
[0916/182157.958:WARNING:pe_image_reader.cc(340)] could not read dos header from C:\WINDOWS\System32\MSASN1.dll
[0916/182157.958:ERROR:process_memory_win.cc(73)] ReadMemory at 0x7ff8cf8b0000 of 64 bytes failed: Only part of a ReadProcessMemory or WriteProcessMemory request was completed. (0x12B)
[0916/182157.958:WARNING:pe_image_reader.cc(340)] could not read dos header from C:\WINDOWS\System32\bcryptPrimitives.dll
[0916/182157.958:ERROR:process_memory_win.cc(73)] ReadMemory at 0x7ff8cea40000 of 64 bytes failed: Only part of a ReadProcessMemory or WriteProcessMemory request was completed. (0x12B)
[0916/182157.958:WARNING:pe_image_reader.cc(340)] could not read dos header from C:\WINDOWS\SYSTEM32\NTASN1.dll
[0916/182157.958:ERROR:process_memory_win.cc(73)] ReadMemory at 0x7ff8ce980000 of 64 bytes failed: Only part of a ReadProcessMemory or WriteProcessMemory request was completed. (0x12B)
[0916/182157.958:WARNING:pe_image_reader.cc(340)] could not read dos header from C:\WINDOWS\SYSTEM32\CRYPTBASE.DLL
[0916/182157.958:ERROR:process_memory_win.cc(73)] ReadMemory at 0x7ff8cef40000 of 64 bytes failed: Only part of a ReadProcessMemory or WriteProcessMemory request was completed. (0x12B)
[0916/182157.958:WARNING:pe_image_reader.cc(340)] could not read dos header from C:\WINDOWS\System32\profapi.dll
[0916/182157.958:ERROR:process_memory_win.cc(73)] ReadMemory at 0x7ff76dd50000 of 64 bytes failed: Only part of a ReadProcessMemory or WriteProcessMemory request was completed. (0x12B)
[0916/182157.958:WARNING:pe_image_reader.cc(340)] could not read dos header from C:\Program Files (x86)\Microsoft\Edge\Application\msedge.exe
[0916/182157.958:ERROR:process_memory_win.cc(73)] ReadMemory at 0x7ff8d18d0000 of 64 bytes failed: Only part of a ReadProcessMemory or WriteProcessMemory request was completed. (0x12B)
[0916/182157.958:WARNING:pe_image_reader.cc(340)] could not read dos header from C:\WINDOWS\SYSTEM32\ntdll.dll
[0916/182157.958:ERROR:process_memory_win.cc(73)] ReadMemory at 0x7ff8d0310000 of 64 bytes failed: Only part of a ReadProcessMemory or WriteProcessMemory request was completed. (0x12B)
[0916/182157.958:WARNING:pe_image_reader.cc(340)] could not read dos header from C:\WINDOWS\System32\KERNEL32.DLL
[0916/182157.958:ERROR:process_memory_win.cc(73)] ReadMemory at 0x7ff8cf010000 of 64 bytes failed: Only part of a ReadProcessMemory or WriteProcessMemory request was completed. (0x12B)
[0916/182157.958:WARNING:pe_image_reader.cc(340)] could not read dos header from C:\WINDOWS\System32\KERNELBASE.dll
[0916/182157.958:ERROR:process_memory_win.cc(73)] ReadMemory at 0x7ff893690000 of 64 bytes failed: Only part of a ReadProcessMemory or WriteProcessMemory request was completed. (0x12B)
[0916/182157.958:WARNING:pe_image_reader.cc(340)] could not read dos header from C:\Program Files (x86)\Microsoft\Edge\Application\85.0.564.51\msedge_elf.dll
[0916/182157.958:ERROR:process_memory_win.cc(73)] ReadMemory at 0x7ff8d0b80000 of 64 bytes failed: Only part of a ReadProcessMemory or WriteProcessMemory request was completed. (0x12B)
[0916/182157.958:WARNING:pe_image_reader.cc(340)] could not read dos header from C:\WINDOWS\System32\ADVAPI32.dll
[0916/182157.958:ERROR:process_memory_win.cc(73)] ReadMemory at 0x7ff8d0140000 of 64 bytes failed: Only part of a ReadProcessMemory or WriteProcessMemory request was completed. (0x12B)
[0916/182157.958:WARNING:pe_image_reader.cc(340)] could not read dos header from C:\WINDOWS\System32\msvcrt.dll
[0916/182157.958:ERROR:process_memory_win.cc(73)] ReadMemory at 0x7ff8d1790000 of 64 bytes failed: Only part of a ReadProcessMemory or WriteProcessMemory request was completed. (0x12B)
[0916/182157.958:WARNING:pe_image_reader.cc(340)] could not read dos header from C:\WINDOWS\System32\sechost.dll
[0916/182157.958:ERROR:process_memory_win.cc(73)] ReadMemory at 0x7ff8cfc90000 of 64 bytes failed: Only part of a ReadProcessMemory or WriteProcessMemory request was completed. (0x12B)
[0916/182157.958:WARNING:pe_image_reader.cc(340)] could not read dos header from C:\WINDOWS\System32\RPCRT4.dll
[0916/182157.958:ERROR:process_memory_win.cc(73)] ReadMemory at 0x7ff8565f0000 of 64 bytes failed: Only part of a ReadProcessMemory or WriteProcessMemory request was completed. (0x12B)
[0916/182157.958:WARNING:pe_image_reader.cc(340)] could not read dos header from C:\Program Files (x86)\Microsoft\Edge\Application\85.0.564.51\msedge.dll
[0916/182157.958:ERROR:process_memory_win.cc(73)] ReadMemory at 0x7ff8d0020000 of 64 bytes failed: Only part of a ReadProcessMemory or WriteProcessMemory request was completed. (0x12B)
[0916/182157.958:WARNING:pe_image_reader.cc(340)] could not read dos header from C:\WINDOWS\System32\WS2_32.dll
[0916/182157.958:ERROR:process_memory_win.cc(73)] ReadMemory at 0x7ff8d01e0000 of 64 bytes failed: Only part of a ReadProcessMemory or WriteProcessMemory request was completed. (0x12B)
[0916/182157.958:WARNING:pe_image_reader.cc(340)] could not read dos header from C:\WINDOWS\System32\OLEAUT32.dll
[0916/182157.958:ERROR:process_memory_win.cc(73)] ReadMemory at 0x7ff8cf440000 of 64 bytes failed: Only part of a ReadProcessMemory or WriteProcessMemory request was completed. (0x12B)
[0916/182157.958:WARNING:pe_image_reader.cc(340)] could not read dos header from C:\WINDOWS\System32\msvcp_win.dll
[0916/182157.958:ERROR:process_memory_win.cc(73)] ReadMemory at 0x7ff8cf640000 of 64 bytes failed: Only part of a ReadProcessMemory or WriteProcessMemory request was completed. (0x12B)
[0916/182157.958:WARNING:pe_image_reader.cc(340)] could not read dos header from C:\WINDOWS\System32\ucrtbase.dll
[0916/182157.958:ERROR:process_memory_win.cc(73)] ReadMemory at 0x7ff8d0c30000 of 64 bytes failed: Only part of a ReadProcessMemory or WriteProcessMemory request was completed. (0x12B)
[0916/182157.958:WARNING:pe_image_reader.cc(340)] could not read dos header from C:\WINDOWS\System32\combase.dll
[0916/182157.958:ERROR:process_memory_win.cc(73)] ReadMemory at 0x7ff8cf850000 of 64 bytes failed: Only part of a ReadProcessMemory or WriteProcessMemory request was completed. (0x12B)
[0916/182157.958:WARNING:pe_image_reader.cc(340)] could not read dos header from C:\WINDOWS\System32\WINTRUST.dll
[0916/182157.958:ERROR:process_memory_win.cc(73)] ReadMemory at 0x7ff8cf2e0000 of 64 bytes failed: Only part of a ReadProcessMemory or WriteProcessMemory request was completed. (0x12B)
[0916/182157.973:WARNING:pe_image_reader.cc(340)] could not read dos header from C:\WINDOWS\System32\CRYPT32.dll
[0916/182157.973:ERROR:process_memory_win.cc(73)] ReadMemory at 0x7ff8ce420000 of 64 bytes failed: Only part of a ReadProcessMemory or WriteProcessMemory request was completed. (0x12B)
[0916/182157.973:WARNING:pe_image_reader.cc(340)] could not read dos header from C:\WINDOWS\SYSTEM32\IPHLPAPI.DLL
[0916/182157.973:ERROR:process_memory_win.cc(73)] ReadMemory at 0x7ff8bcfd0000 of 64 bytes failed: Only part of a ReadProcessMemory or WriteProcessMemory request was completed. (0x12B)
[0916/182157.973:WARNING:pe_image_reader.cc(340)] could not read dos header from C:\WINDOWS\SYSTEM32\WINMM.dll
[0916/182157.973:ERROR:process_memory_win.cc(73)] ReadMemory at 0x7ff8a5bd0000 of 64 bytes failed: Only part of a ReadProcessMemory or WriteProcessMemory request was completed. (0x12B)
[0916/182157.973:WARNING:pe_image_reader.cc(340)] could not read dos header from C:\WINDOWS\SYSTEM32\UIAutomationCore.DLL
[0916/182157.973:ERROR:process_memory_win.cc(73)] ReadMemory at 0x7ff8b74f0000 of 64 bytes failed: Only part of a ReadProcessMemory or WriteProcessMemory request was completed. (0x12B)
[0916/182157.973:WARNING:pe_image_reader.cc(340)] could not read dos header from C:\WINDOWS\SYSTEM32\Secur32.dll
[0916/182157.973:ERROR:process_memory_win.cc(73)] ReadMemory at 0x7ff8cef00000 of 64 bytes failed: Only part of a ReadProcessMemory or WriteProcessMemory request was completed. (0x12B)
[0916/182157.973:WARNING:pe_image_reader.cc(340)] could not read dos header from C:\WINDOWS\SYSTEM32\USERENV.dll
[0916/182157.973:ERROR:process_memory_win.cc(73)] ReadMemory at 0x7ff8cbdd0000 of 64 bytes failed: Only part of a ReadProcessMemory or WriteProcessMemory request was completed. (0x12B)
[0916/182157.973:WARNING:pe_image_reader.cc(340)] could not read dos header from C:\WINDOWS\SYSTEM32\WINHTTP.dll
[0916/182157.973:ERROR:process_memory_win.cc(73)] ReadMemory at 0x7ff8bf250000 of 64 bytes failed: Only part of a ReadProcessMemory or WriteProcessMemory request was completed. (0x12B)
[0916/182157.973:WARNING:pe_image_reader.cc(340)] could not read dos header from C:\WINDOWS\SYSTEM32\DWrite.dll
[0916/182157.973:ERROR:process_memory_win.cc(73)] ReadMemory at 0x7ff8a9160000 of 64 bytes failed: Only part of a ReadProcessMemory or WriteProcessMemory request was completed. (0x12B)
[0916/182157.973:WARNING:pe_image_reader.cc(340)] could not read dos header from C:\WINDOWS\SYSTEM32\WINSPOOL.DRV
[0916/182157.973:ERROR:process_memory_win.cc(73)] ReadMemory at 0x7ff8cd610000 of 64 bytes failed: Only part of a ReadProcessMemory or WriteProcessMemory request was completed. (0x12B)
[0916/182157.973:WARNING:pe_image_reader.cc(340)] could not read dos header from C:\WINDOWS\SYSTEM32\dbghelp.dll
[0916/182157.973:ERROR:process_memory_win.cc(73)] ReadMemory at 0x7ff8cea80000 of 64 bytes failed: Only part of a ReadProcessMemory or WriteProcessMemory request was completed. (0x12B)
[0916/182157.973:WARNING:pe_image_reader.cc(340)] could not read dos header from C:\WINDOWS\SYSTEM32\ncrypt.dll
[0916/182157.973:ERROR:process_memory_win.cc(73)] ReadMemory at 0x7ff8c4150000 of 64 bytes failed: Only part of a ReadProcessMemory or WriteProcessMemory request was completed. (0x12B)
[0916/182157.973:WARNING:pe_image_reader.cc(340)] could not read dos header from C:\WINDOWS\SYSTEM32\dhcpcsvc.DLL
[0916/182157.973:ERROR:process_memory_win.cc(73)] ReadMemory at 0x7ff8c9fa0000 of 64 bytes failed: Only part of a ReadProcessMemory or WriteProcessMemory request was completed. (0x12B)
[0916/182157.973:WARNING:pe_image_reader.cc(340)] could not read dos header from C:\WINDOWS\SYSTEM32\PROPSYS.dll
[0916/182157.973:ERROR:process_memory_win.cc(73)] ReadMemory at 0x7ff8ceec0000 of 64 bytes failed: Only part of a ReadProcessMemory or WriteProcessMemory request was completed. (0x12B)
[0916/182157.973:WARNING:pe_image_reader.cc(340)] could not read dos header from C:\WINDOWS\SYSTEM32\SSPICLI.DLL
[0916/182157.973:ERROR:process_memory_win.cc(73)] ReadMemory at 0x7ff8cf5e0000 of 64 bytes failed: Only part of a ReadProcessMemory or WriteProcessMemory request was completed. (0x12B)
[0916/182157.973:WARNING:pe_image_reader.cc(340)] could not read dos header from C:\WINDOWS\System32\BCRYPT.DLL
[0916/182157.973:ERROR:process_memory_win.cc(73)] ReadMemory at 0x7ff8cebb0000 of 64 bytes failed: Only part of a ReadProcessMemory or WriteProcessMemory request was completed. (0x12B)
[0916/182157.973:WARNING:pe_image_reader.cc(340)] could not read dos header from C:\WINDOWS\System32\MSASN1.dll
[0916/182157.973:ERROR:process_memory_win.cc(73)] ReadMemory at 0x7ff8cf8b0000 of 64 bytes failed: Only part of a ReadProcessMemory or WriteProcessMemory request was completed. (0x12B)
[0916/182157.973:WARNING:pe_image_reader.cc(340)] could not read dos header from C:\WINDOWS\System32\bcryptPrimitives.dll
[0916/182157.973:ERROR:process_memory_win.cc(73)] ReadMemory at 0x7ff8cea40000 of 64 bytes failed: Only part of a ReadProcessMemory or WriteProcessMemory request was completed. (0x12B)
[0916/182157.973:WARNING:pe_image_reader.cc(340)] could not read dos header from C:\WINDOWS\SYSTEM32\NTASN1.dll
[0916/182157.973:ERROR:process_memory_win.cc(73)] ReadMemory at 0x7ff8ce980000 of 64 bytes failed: Only part of a ReadProcessMemory or WriteProcessMemory request was completed. (0x12B)
[0916/182157.973:WARNING:pe_image_reader.cc(340)] could not read dos header from C:\WINDOWS\SYSTEM32\CRYPTBASE.DLL
[0916/182157.973:ERROR:process_memory_win.cc(73)] ReadMemory at 0x7ff8cef40000 of 64 bytes failed: Only part of a ReadProcessMemory or WriteProcessMemory request was completed. (0x12B)
[0916/182157.973:WARNING:pe_image_reader.cc(340)] could not read dos header from C:\WINDOWS\System32\profapi.dll
[0916/182157.973:ERROR:process_memory_win.cc(73)] ReadMemory at 0x7ff76dd50000 of 64 bytes failed: Only part of a ReadProcessMemory or WriteProcessMemory request was completed. (0x12B)
[0916/182157.973:WARNING:pe_image_reader.cc(340)] could not read dos header from C:\Program Files (x86)\Microsoft\Edge\Application\msedge.exe
[0916/182157.973:ERROR:process_memory_win.cc(73)] ReadMemory at 0x7ff8d18d0000 of 64 bytes failed: Only part of a ReadProcessMemory or WriteProcessMemory request was completed. (0x12B)
[0916/182157.973:WARNING:pe_image_reader.cc(340)] could not read dos header from C:\WINDOWS\SYSTEM32\ntdll.dll
[0916/182157.973:ERROR:process_memory_win.cc(73)] ReadMemory at 0x7ff8d0310000 of 64 bytes failed: Only part of a ReadProcessMemory or WriteProcessMemory request was completed. (0x12B)
[0916/182157.973:WARNING:pe_image_reader.cc(340)] could not read dos header from C:\WINDOWS\System32\KERNEL32.DLL
[0916/182157.973:ERROR:process_memory_win.cc(73)] ReadMemory at 0x7ff8cf010000 of 64 bytes failed: Only part of a ReadProcessMemory or WriteProcessMemory request was completed. (0x12B)
[0916/182157.973:WARNING:pe_image_reader.cc(340)] could not read dos header from C:\WINDOWS\System32\KERNELBASE.dll
[0916/182157.973:ERROR:process_memory_win.cc(73)] ReadMemory at 0x7ff893690000 of 64 bytes failed: Only part of a ReadProcessMemory or WriteProcessMemory request was completed. (0x12B)
[0916/182157.973:WARNING:pe_image_reader.cc(340)] could not read dos header from C:\Program Files (x86)\Microsoft\Edge\Application\85.0.564.51\msedge_elf.dll
[0916/182157.973:ERROR:process_memory_win.cc(73)] ReadMemory at 0x7ff8d0b80000 of 64 bytes failed: Only part of a ReadProcessMemory or WriteProcessMemory request was completed. (0x12B)
[0916/182157.973:WARNING:pe_image_reader.cc(340)] could not read dos header from C:\WINDOWS\System32\ADVAPI32.dll
[0916/182157.973:ERROR:process_memory_win.cc(73)] ReadMemory at 0x7ff8d0140000 of 64 bytes failed: Only part of a ReadProcessMemory or WriteProcessMemory request was completed. (0x12B)
[0916/182157.973:WARNING:pe_image_reader.cc(340)] could not read dos header from C:\WINDOWS\System32\msvcrt.dll
[0916/182157.973:ERROR:process_memory_win.cc(73)] ReadMemory at 0x7ff8d1790000 of 64 bytes failed: Only part of a ReadProcessMemory or WriteProcessMemory request was completed. (0x12B)
[0916/182157.973:WARNING:pe_image_reader.cc(340)] could not read dos header from C:\WINDOWS\System32\sechost.dll
[0916/182157.973:ERROR:process_memory_win.cc(73)] ReadMemory at 0x7ff8cfc90000 of 64 bytes failed: Only part of a ReadProcessMemory or WriteProcessMemory request was completed. (0x12B)
[0916/182157.973:WARNING:pe_image_reader.cc(340)] could not read dos header from C:\WINDOWS\System32\RPCRT4.dll
[0916/182157.973:ERROR:process_memory_win.cc(73)] ReadMemory at 0x7ff8565f0000 of 64 bytes failed: Only part of a ReadProcessMemory or WriteProcessMemory request was completed. (0x12B)
[0916/182157.973:WARNING:pe_image_reader.cc(340)] could not read dos header from C:\Program Files (x86)\Microsoft\Edge\Application\85.0.564.51\msedge.dll
[0916/182157.973:ERROR:process_memory_win.cc(73)] ReadMemory at 0x7ff8d0020000 of 64 bytes failed: Only part of a ReadProcessMemory or WriteProcessMemory request was completed. (0x12B)
[0916/182157.973:WARNING:pe_image_reader.cc(340)] could not read dos header from C:\WINDOWS\System32\WS2_32.dll
[0916/182157.973:ERROR:process_memory_win.cc(73)] ReadMemory at 0x7ff8d01e0000 of 64 bytes failed: Only part of a ReadProcessMemory or WriteProcessMemory request was completed. (0x12B)
[0916/182157.973:WARNING:pe_image_reader.cc(340)] could not read dos header from C:\WINDOWS\System32\OLEAUT32.dll
[0916/182157.973:ERROR:process_memory_win.cc(73)] ReadMemory at 0x7ff8cf440000 of 64 bytes failed: Only part of a ReadProcessMemory or WriteProcessMemory request was completed. (0x12B)
[0916/182157.973:WARNING:pe_image_reader.cc(340)] could not read dos header from C:\WINDOWS\System32\msvcp_win.dll
[0916/182157.973:ERROR:process_memory_win.cc(73)] ReadMemory at 0x7ff8cf640000 of 64 bytes failed: Only part of a ReadProcessMemory or WriteProcessMemory request was completed. (0x12B)
[0916/182157.973:WARNING:pe_image_reader.cc(340)] could not read dos header from C:\WINDOWS\System32\ucrtbase.dll
[0916/182157.973:ERROR:process_memory_win.cc(73)] ReadMemory at 0x7ff8d0c30000 of 64 bytes failed: Only part of a ReadProcessMemory or WriteProcessMemory request was completed. (0x12B)
[0916/182157.973:WARNING:pe_image_reader.cc(340)] could not read dos header from C:\WINDOWS\System32\combase.dll
[0916/182157.973:ERROR:process_memory_win.cc(73)] ReadMemory at 0x7ff8cf850000 of 64 bytes failed: Only part of a ReadProcessMemory or WriteProcessMemory request was completed. (0x12B)
[0916/182157.973:WARNING:pe_image_reader.cc(340)] could not read dos header from C:\WINDOWS\System32\WINTRUST.dll
[0916/182157.973:ERROR:process_memory_win.cc(73)] ReadMemory at 0x7ff8cf2e0000 of 64 bytes failed: Only part of a ReadProcessMemory or WriteProcessMemory request was completed. (0x12B)
[0916/182157.973:WARNING:pe_image_reader.cc(340)] could not read dos header from C:\WINDOWS\System32\CRYPT32.dll
[0916/182157.973:ERROR:process_memory_win.cc(73)] ReadMemory at 0x7ff8ce420000 of 64 bytes failed: Only part of a ReadProcessMemory or WriteProcessMemory request was completed. (0x12B)
[0916/182157.973:WARNING:pe_image_reader.cc(340)] could not read dos header from C:\WINDOWS\SYSTEM32\IPHLPAPI.DLL
[0916/182157.973:ERROR:process_memory_win.cc(73)] ReadMemory at 0x7ff8bcfd0000 of 64 bytes failed: Only part of a ReadProcessMemory or WriteProcessMemory request was completed. (0x12B)
[0916/182157.973:WARNING:pe_image_reader.cc(340)] could not read dos header from C:\WINDOWS\SYSTEM32\WINMM.dll
[0916/182157.973:ERROR:process_memory_win.cc(73)] ReadMemory at 0x7ff8a5bd0000 of 64 bytes failed: Only part of a ReadProcessMemory or WriteProcessMemory request was completed. (0x12B)
[0916/182157.973:WARNING:pe_image_reader.cc(340)] could not read dos header from C:\WINDOWS\SYSTEM32\UIAutomationCore.DLL
[0916/182157.973:ERROR:process_memory_win.cc(73)] ReadMemory at 0x7ff8b74f0000 of 64 bytes failed: Only part of a ReadProcessMemory or WriteProcessMemory request was completed. (0x12B)
[0916/182157.973:WARNING:pe_image_reader.cc(340)] could not read dos header from C:\WINDOWS\SYSTEM32\Secur32.dll
[0916/182157.973:ERROR:process_memory_win.cc(73)] ReadMemory at 0x7ff8cef00000 of 64 bytes failed: Only part of a ReadProcessMemory or WriteProcessMemory request was completed. (0x12B)
[0916/182157.973:WARNING:pe_image_reader.cc(340)] could not read dos header from C:\WINDOWS\SYSTEM32\USERENV.dll
[0916/182157.973:ERROR:process_memory_win.cc(73)] ReadMemory at 0x7ff8cbdd0000 of 64 bytes failed: Only part of a ReadProcessMemory or WriteProcessMemory request was completed. (0x12B)
[0916/182157.973:WARNING:pe_image_reader.cc(340)] could not read dos header from C:\WINDOWS\SYSTEM32\WINHTTP.dll
[0916/182157.973:ERROR:process_memory_win.cc(73)] ReadMemory at 0x7ff8bf250000 of 64 bytes failed: Only part of a ReadProcessMemory or WriteProcessMemory request was completed. (0x12B)
[0916/182157.973:WARNING:pe_image_reader.cc(340)] could not read dos header from C:\WINDOWS\SYSTEM32\DWrite.dll
[0916/182157.973:ERROR:process_memory_win.cc(73)] ReadMemory at 0x7ff8a9160000 of 64 bytes failed: Only part of a ReadProcessMemory or WriteProcessMemory request was completed. (0x12B)
[0916/182157.973:WARNING:pe_image_reader.cc(340)] could not read dos header from C:\WINDOWS\SYSTEM32\WINSPOOL.DRV
[0916/182157.973:ERROR:process_memory_win.cc(73)] ReadMemory at 0x7ff8cd610000 of 64 bytes failed: Only part of a ReadProcessMemory or WriteProcessMemory request was completed. (0x12B)
[0916/182157.973:WARNING:pe_image_reader.cc(340)] could not read dos header from C:\WINDOWS\SYSTEM32\dbghelp.dll
[0916/182157.973:ERROR:process_memory_win.cc(73)] ReadMemory at 0x7ff8cea80000 of 64 bytes failed: Only part of a ReadProcessMemory or WriteProcessMemory request was completed. (0x12B)
[0916/182157.973:WARNING:pe_image_reader.cc(340)] could not read dos header from C:\WINDOWS\SYSTEM32\ncrypt.dll
[0916/182157.973:ERROR:process_memory_win.cc(73)] ReadMemory at 0x7ff8c4150000 of 64 bytes failed: Only part of a ReadProcessMemory or WriteProcessMemory request was completed. (0x12B)
[0916/182157.973:WARNING:pe_image_reader.cc(340)] could not read dos header from C:\WINDOWS\SYSTEM32\dhcpcsvc.DLL
[0916/182157.973:ERROR:process_memory_win.cc(73)] ReadMemory at 0x7ff8c9fa0000 of 64 bytes failed: Only part of a ReadProcessMemory or WriteProcessMemory request was completed. (0x12B)
[0916/182157.973:WARNING:pe_image_reader.cc(340)] could not read dos header from C:\WINDOWS\SYSTEM32\PROPSYS.dll
[0916/182157.973:ERROR:process_memory_win.cc(73)] ReadMemory at 0x7ff8ceec0000 of 64 bytes failed: Only part of a ReadProcessMemory or WriteProcessMemory request was completed. (0x12B)
[0916/182157.973:WARNING:pe_image_reader.cc(340)] could not read dos header from C:\WINDOWS\SYSTEM32\SSPICLI.DLL
[0916/182157.973:ERROR:process_memory_win.cc(73)] ReadMemory at 0x7ff8cf5e0000 of 64 bytes failed: Only part of a ReadProcessMemory or WriteProcessMemory request was completed. (0x12B)
[0916/182157.973:WARNING:pe_image_reader.cc(340)] could not read dos header from C:\WINDOWS\System32\BCRYPT.DLL
[0916/182157.973:ERROR:process_memory_win.cc(73)] ReadMemory at 0x7ff8cebb0000 of 64 bytes failed: Only part of a ReadProcessMemory or WriteProcessMemory request was completed. (0x12B)
[0916/182157.973:WARNING:pe_image_reader.cc(340)] could not read dos header from C:\WINDOWS\System32\MSASN1.dll
[0916/182157.973:ERROR:process_memory_win.cc(73)] ReadMemory at 0x7ff8cf8b0000 of 64 bytes failed: Only part of a ReadProcessMemory or WriteProcessMemory request was completed. (0x12B)
[0916/182157.973:WARNING:pe_image_reader.cc(340)] could not read dos header from C:\WINDOWS\System32\bcryptPrimitives.dll
[0916/182157.973:ERROR:process_memory_win.cc(73)] ReadMemory at 0x7ff8cea40000 of 64 bytes failed: Only part of a ReadProcessMemory or WriteProcessMemory request was completed. (0x12B)
[0916/182157.973:WARNING:pe_image_reader.cc(340)] could not read dos header from C:\WINDOWS\SYSTEM32\NTASN1.dll
[0916/182157.973:ERROR:process_memory_win.cc(73)] ReadMemory at 0x7ff8ce980000 of 64 bytes failed: Only part of a ReadProcessMemory or WriteProcessMemory request was completed. (0x12B)
[0916/182157.973:WARNING:pe_image_reader.cc(340)] could not read dos header from C:\WINDOWS\SYSTEM32\CRYPTBASE.DLL
[0916/182157.973:ERROR:process_memory_win.cc(73)] ReadMemory at 0x7ff8cef40000 of 64 bytes failed: Only part of a ReadProcessMemory or WriteProcessMemory request was completed. (0x12B)
[0916/182157.973:WARNING:pe_image_reader.cc(340)] could not read dos header from C:\WINDOWS\System32\profapi.dll
[0916/182157.973:ERROR:process_memory_win.cc(73)] ReadMemory at 0x1a12cd5000 of 852 bytes failed: Only part of a ReadProcessMemory or WriteProcessMemory request was completed. (0x12B)
[0916/182157.973:ERROR:process_memory_win.cc(73)] ReadMemory at 0x127bc8502c0 of 40 bytes failed: Only part of a ReadProcessMemory or WriteProcessMemory request was completed. (0x12B)
[0916/182157.973:ERROR:process_memory_win.cc(73)] ReadMemory at 0x127bc9c02c0 of 40 bytes failed: Only part of a ReadProcessMemory or WriteProcessMemory request was completed. (0x12B)
[0916/182157.973:ERROR:process_memory_win.cc(73)] ReadMemory at 0x127bca027f0 of 5850 bytes failed: Only part of a ReadProcessMemory or WriteProcessMemory request was completed. (0x12B)
[0916/182157.973:ERROR:process_memory_win.cc(73)] ReadMemory at 0x127bca03ee0 of 1012 bytes failed: Only part of a ReadProcessMemory or WriteProcessMemory request was completed. (0x12B)
[0916/182157.973:ERROR:process_memory_win.cc(73)] ReadMemory at 0x127bca04528 of 120 bytes failed: Only part of a ReadProcessMemory or WriteProcessMemory request was completed. (0x12B)
[0916/182157.973:ERROR:process_reader_win.cc(127)] NtOpenThread: {Access Denied} A process has requested access to an object, but has not been granted those access rights. (0xc0000022)
[0916/182157.973:ERROR:process_memory_win.cc(73)] ReadMemory at 0x127bca045a2 of 798 bytes failed: Only part of a ReadProcessMemory or WriteProcessMemory request was completed. (0x12B)
[0916/182157.973:ERROR:exception_snapshot_win.cc(100)] thread ID 9488 not found in process
[0916/182157.973:ERROR:process_memory_win.cc(73)] ReadMemory at 0x127bca048c2 of 120 bytes failed: Only part of a ReadProcessMemory or WriteProcessMemory request was completed. (0x12B)
[0916/182157.973:ERROR:process_memory_win.cc(73)] ReadMemory at 0x127bca0493c of 96 bytes failed: Only part of a ReadProcessMemory or WriteProcessMemory request was completed. (0x12B)
[0916/182157.973:ERROR:process_memory_win.cc(73)] ReadMemory at 0x127bca049b0 of 58 bytes failed: Only part of a ReadProcessMemory or WriteProcessMemory request was completed. (0x12B)
[0916/182157.973:ERROR:process_memory_win.cc(73)] ReadMemory at 0x127bca04ac0 of 132 bytes failed: Only part of a ReadProcessMemory or WriteProcessMemory request was completed. (0x12B)
[0916/182157.973:ERROR:process_memory_win.cc(73)] ReadMemory at 0x127bca04c50 of 132 bytes failed: Only part of a ReadProcessMemory or WriteProcessMemory request was completed. (0x12B)
[0916/182157.973:ERROR:process_memory_win.cc(73)] ReadMemory at 0x127bca05230 of 132 bytes failed: Only part of a ReadProcessMemory or WriteProcessMemory request was completed. (0x12B)
[0916/182157.973:ERROR:process_memory_win.cc(73)] ReadMemory at 0x127bca053c0 of 64 bytes failed: Only part of a ReadProcessMemory or WriteProcessMemory request was completed. (0x12B)
[0916/182157.973:ERROR:process_memory_win.cc(73)] ReadMemory at 0x127bca05590 of 132 bytes failed: Only part of a ReadProcessMemory or WriteProcessMemory request was completed. (0x12B)
[0916/182157.973:ERROR:process_memory_win.cc(73)] ReadMemory at 0x127bca05850 of 132 bytes failed: Only part of a ReadProcessMemory or WriteProcessMemory request was completed. (0x12B)
[0916/182157.973:ERROR:process_memory_win.cc(73)] ReadMemory at 0x127bca059e0 of 68 bytes failed: Only part of a ReadProcessMemory or WriteProcessMemory request was completed. (0x12B)
[0916/182157.973:ERROR:process_memory_win.cc(73)] ReadMemory at 0x127bca06a10 of 152 bytes failed: Only part of a ReadProcessMemory or WriteProcessMemory request was completed. (0x12B)
[0916/182157.973:ERROR:process_memory_win.cc(73)] ReadMemory at 0x127bca0fa60 of 132 bytes failed: Only part of a ReadProcessMemory or WriteProcessMemory request was completed. (0x12B)
[0916/182157.973:ERROR:process_memory_win.cc(73)] ReadMemory at 0x127bca10010 of 132 bytes failed: Only part of a ReadProcessMemory or WriteProcessMemory request was completed. (0x12B)
[0916/182157.973:ERROR:process_memory_win.cc(73)] ReadMemory at 0x127bca10220 of 132 bytes failed: Only part of a ReadProcessMemory or WriteProcessMemory request was completed. (0x12B)
[0916/182157.973:ERROR:process_memory_win.cc(73)] ReadMemory at 0x127bca10b20 of 132 bytes failed: Only part of a ReadProcessMemory or WriteProcessMemory request was completed. (0x12B)
[0916/182157.973:ERROR:process_memory_win.cc(73)] ReadMemory at 0x127bca10c50 of 132 bytes failed: Only part of a ReadProcessMemory or WriteProcessMemory request was completed. (0x12B)
[0916/182157.973:ERROR:process_memory_win.cc(73)] ReadMemory at 0x127bca13050 of 64 bytes failed: Only part of a ReadProcessMemory or WriteProcessMemory request was completed. (0x12B)
[0916/182157.973:ERROR:process_memory_win.cc(73)] ReadMemory at 0x127bca13b40 of 66 bytes failed: Only part of a ReadProcessMemory or WriteProcessMemory request was completed. (0x12B)
[0916/182157.973:ERROR:process_memory_win.cc(73)] ReadMemory at 0x127bca13fa0 of 64 bytes failed: Only part of a ReadProcessMemory or WriteProcessMemory request was completed. (0x12B)
[0916/182157.989:ERROR:process_memory_win.cc(73)] ReadMemory at 0x127bca16110 of 62 bytes failed: Only part of a ReadProcessMemory or WriteProcessMemory request was completed. (0x12B)
[0916/182157.989:ERROR:process_memory_win.cc(73)] ReadMemory at 0x127bca16150 of 60 bytes failed: Only part of a ReadProcessMemory or WriteProcessMemory request was completed. (0x12B)
[0916/182157.989:ERROR:process_memory_win.cc(73)] ReadMemory at 0x127bca16210 of 60 bytes failed: Only part of a ReadProcessMemory or WriteProcessMemory request was completed. (0x12B)
[0916/182157.989:ERROR:process_memory_win.cc(73)] ReadMemory at 0x127bca19970 of 132 bytes failed: Only part of a ReadProcessMemory or WriteProcessMemory request was completed. (0x12B)
[0916/182157.989:ERROR:process_memory_win.cc(73)] ReadMemory at 0x127bca19cd0 of 132 bytes failed: Only part of a ReadProcessMemory or WriteProcessMemory request was completed. (0x12B)
[0916/182157.989:ERROR:process_memory_win.cc(73)] ReadMemory at 0x127bca1a010 of 132 bytes failed: Only part of a ReadProcessMemory or WriteProcessMemory request was completed. (0x12B)
[0916/182157.989:ERROR:process_memory_win.cc(73)] ReadMemory at 0x127bca1a230 of 132 bytes failed: Only part of a ReadProcessMemory or WriteProcessMemory request was completed. (0x12B)
[0916/182157.989:ERROR:process_memory_win.cc(73)] ReadMemory at 0x127bca1af90 of 124 bytes failed: Only part of a ReadProcessMemory or WriteProcessMemory request was completed. (0x12B)
[0916/182157.989:ERROR:process_memory_win.cc(73)] ReadMemory at 0x127bca1b810 of 132 bytes failed: Only part of a ReadProcessMemory or WriteProcessMemory request was completed. (0x12B)
[0916/182157.989:ERROR:process_memory_win.cc(73)] ReadMemory at 0x127bca1bab0 of 80 bytes failed: Only part of a ReadProcessMemory or WriteProcessMemory request was completed. (0x12B)
[0916/182157.989:ERROR:process_memory_win.cc(73)] ReadMemory at 0x127bca1c120 of 132 bytes failed: Only part of a ReadProcessMemory or WriteProcessMemory request was completed. (0x12B)
[0916/182157.989:ERROR:process_memory_win.cc(73)] ReadMemory at 0x127bca1c250 of 144 bytes failed: Only part of a ReadProcessMemory or WriteProcessMemory request was completed. (0x12B)
[0916/182157.989:ERROR:process_memory_win.cc(73)] ReadMemory at 0x127bca24070 of 80 bytes failed: Only part of a ReadProcessMemory or WriteProcessMemory request was completed. (0x12B)
[0916/182157.989:ERROR:process_memory_win.cc(73)] ReadMemory at 0x127bca2b0d0 of 62 bytes failed: Only part of a ReadProcessMemory or WriteProcessMemory request was completed. (0x12B)
[0916/182157.989:ERROR:process_memory_win.cc(73)] ReadMemory at 0x127bca2b190 of 58 bytes failed: Only part of a ReadProcessMemory or WriteProcessMemory request was completed. (0x12B)
[0916/182157.989:ERROR:process_memory_win.cc(73)] ReadMemory at 0x127bca2b210 of 62 bytes failed: Only part of a ReadProcessMemory or WriteProcessMemory request was completed. (0x12B)
[0916/182157.989:ERROR:process_memory_win.cc(73)] ReadMemory at 0x127bca2b2d0 of 60 bytes failed: Only part of a ReadProcessMemory or WriteProcessMemory request was completed. (0x12B)
[0916/182157.989:ERROR:process_memory_win.cc(73)] ReadMemory at 0x127bca2b310 of 62 bytes failed: Only part of a ReadProcessMemory or WriteProcessMemory request was completed. (0x12B)
[0916/182157.989:ERROR:process_memory_win.cc(73)] ReadMemory at 0x127bca2b350 of 62 bytes failed: Only part of a ReadProcessMemory or WriteProcessMemory request was completed. (0x12B)
[0916/182157.989:ERROR:process_memory_win.cc(73)] ReadMemory at 0x127bca2b410 of 62 bytes failed: Only part of a ReadProcessMemory or WriteProcessMemory request was completed. (0x12B)
[0916/182157.989:ERROR:process_memory_win.cc(73)] ReadMemory at 0x127bca2b450 of 60 bytes failed: Only part of a ReadProcessMemory or WriteProcessMemory request was completed. (0x12B)
[0916/182157.989:ERROR:process_memory_win.cc(73)] ReadMemory at 0x127bca2b4d0 of 62 bytes failed: Only part of a ReadProcessMemory or WriteProcessMemory request was completed. (0x12B)
[0916/182157.989:ERROR:process_memory_win.cc(73)] ReadMemory at 0x127bca2b610 of 60 bytes failed: Only part of a ReadProcessMemory or WriteProcessMemory request was completed. (0x12B)
[0916/182157.989:ERROR:process_memory_win.cc(73)] ReadMemory at 0x127bca2b6d0 of 60 bytes failed: Only part of a ReadProcessMemory or WriteProcessMemory request was completed. (0x12B)
[0916/182157.989:ERROR:process_memory_win.cc(73)] ReadMemory at 0x127bca2b750 of 62 bytes failed: Only part of a ReadProcessMemory or WriteProcessMemory request was completed. (0x12B)
[0916/182157.989:ERROR:process_memory_win.cc(73)] ReadMemory at 0x127bca2b810 of 62 bytes failed: Only part of a ReadProcessMemory or WriteProcessMemory request was completed. (0x12B)
[0916/182157.989:ERROR:process_memory_win.cc(73)] ReadMemory at 0x127bca2bb50 of 60 bytes failed: Only part of a ReadProcessMemory or WriteProcessMemory request was completed. (0x12B)
[0916/182157.989:ERROR:process_memory_win.cc(73)] ReadMemory at 0x127bca2bc10 of 60 bytes failed: Only part of a ReadProcessMemory or WriteProcessMemory request was completed. (0x12B)
[0916/182157.989:ERROR:process_memory_win.cc(73)] ReadMemory at 0x127bca2d1e0 of 64 bytes failed: Only part of a ReadProcessMemory or WriteProcessMemory request was completed. (0x12B)
[0916/182157.989:ERROR:process_memory_win.cc(73)] ReadMemory at 0x127bca2d4b0 of 64 bytes failed: Only part of a ReadProcessMemory or WriteProcessMemory request was completed. (0x12B)
[0916/182157.989:ERROR:process_memory_win.cc(73)] ReadMemory at 0x127bca2d6e0 of 64 bytes failed: Only part of a ReadProcessMemory or WriteProcessMemory request was completed. (0x12B)
[0916/182157.989:ERROR:process_memory_win.cc(73)] ReadMemory at 0x127bca2d960 of 64 bytes failed: Only part of a ReadProcessMemory or WriteProcessMemory request was completed. (0x12B)
[0916/182157.989:ERROR:process_memory_win.cc(73)] ReadMemory at 0x127bca2da00 of 64 bytes failed: Only part of a ReadProcessMemory or WriteProcessMemory request was completed. (0x12B)
[0916/182157.989:ERROR:process_memory_win.cc(73)] ReadMemory at 0x127bca2dd70 of 66 bytes failed: Only part of a ReadProcessMemory or WriteProcessMemory request was completed. (0x12B)
[0916/182157.989:ERROR:process_memory_win.cc(73)] ReadMemory at 0x127bca2f040 of 132 bytes failed: Only part of a ReadProcessMemory or WriteProcessMemory request was completed. (0x12B)
[0916/182157.989:ERROR:process_memory_win.cc(73)] ReadMemory at 0x127bca2f160 of 132 bytes failed: Only part of a ReadProcessMemory or WriteProcessMemory request was completed. (0x12B)
[0916/182157.989:ERROR:process_memory_win.cc(73)] ReadMemory at 0x127bca2f280 of 132 bytes failed: Only part of a ReadProcessMemory or WriteProcessMemory request was completed. (0x12B)
[0916/182157.989:ERROR:process_memory_win.cc(73)] ReadMemory at 0x127bca2f3a0 of 132 bytes failed: Only part of a ReadProcessMemory or WriteProcessMemory request was completed. (0x12B)
[0916/182157.989:ERROR:process_memory_win.cc(73)] ReadMemory at 0x127bca2f5e0 of 132 bytes failed: Only part of a ReadProcessMemory or WriteProcessMemory request was completed. (0x12B)
[0916/182157.989:ERROR:process_memory_win.cc(73)] ReadMemory at 0x127bca2f700 of 132 bytes failed: Only part of a ReadProcessMemory or WriteProcessMemory request was completed. (0x12B)
[0916/182157.989:ERROR:process_memory_win.cc(73)] ReadMemory at 0x127bca2f820 of 132 bytes failed: Only part of a ReadProcessMemory or WriteProcessMemory request was completed. (0x12B)
[0916/182157.989:ERROR:process_memory_win.cc(73)] ReadMemory at 0x127bca2f940 of 132 bytes failed: Only part of a ReadProcessMemory or WriteProcessMemory request was completed. (0x12B)
[0916/182157.989:ERROR:process_memory_win.cc(73)] ReadMemory at 0x127bca2fa60 of 132 bytes failed: Only part of a ReadProcessMemory or WriteProcessMemory request was completed. (0x12B)
[0916/182157.989:ERROR:process_memory_win.cc(73)] ReadMemory at 0x127bca2fb80 of 132 bytes failed: Only part of a ReadProcessMemory or WriteProcessMemory request was completed. (0x12B)
[0916/182157.989:ERROR:process_memory_win.cc(73)] ReadMemory at 0x127bca2fca0 of 132 bytes failed: Only part of a ReadProcessMemory or WriteProcessMemory request was completed. (0x12B)
[0916/182157.989:ERROR:process_memory_win.cc(73)] ReadMemory at 0x127bca2fdc0 of 132 bytes failed: Only part of a ReadProcessMemory or WriteProcessMemory request was completed. (0x12B)
[0916/182157.989:ERROR:process_memory_win.cc(73)] ReadMemory at 0x127bca2fee0 of 132 bytes failed: Only part of a ReadProcessMemory or WriteProcessMemory request was completed. (0x12B)
[0916/182157.989:ERROR:process_memory_win.cc(73)] ReadMemory at 0x127bca31700 of 132 bytes failed: Only part of a ReadProcessMemory or WriteProcessMemory request was completed. (0x12B)
[0916/182157.989:ERROR:process_memory_win.cc(73)] ReadMemory at 0x127bca32000 of 132 bytes failed: Only part of a ReadProcessMemory or WriteProcessMemory request was completed. (0x12B)
[0916/182157.989:ERROR:process_memory_win.cc(73)] ReadMemory at 0x127bca32120 of 132 bytes failed: Only part of a ReadProcessMemory or WriteProcessMemory request was completed. (0x12B)
[0916/182157.989:ERROR:process_memory_win.cc(73)] ReadMemory at 0x127bca32480 of 132 bytes failed: Only part of a ReadProcessMemory or WriteProcessMemory request was completed. (0x12B)
[0916/182157.989:ERROR:process_memory_win.cc(73)] ReadMemory at 0x127bca32b40 of 132 bytes failed: Only part of a ReadProcessMemory or WriteProcessMemory request was completed. (0x12B)
[0916/182157.989:ERROR:process_memory_win.cc(73)] ReadMemory at 0x127bca32c60 of 132 bytes failed: Only part of a ReadProcessMemory or WriteProcessMemory request was completed. (0x12B)
[0916/182157.989:ERROR:process_memory_win.cc(73)] ReadMemory at 0x127bca39bf0 of 40 bytes failed: Only part of a ReadProcessMemory or WriteProcessMemory request was completed. (0x12B)
[0916/182157.989:ERROR:process_memory_win.cc(73)] ReadMemory at 0x127bd1e6060 of 40 bytes failed: Only part of a ReadProcessMemory or WriteProcessMemory request was completed. (0x12B)
[0916/182157.989:ERROR:process_memory_win.cc(73)] ReadMemory at 0x7ff89377e3b0 of 40 bytes failed: Only part of a ReadProcessMemory or WriteProcessMemory request was completed. (0x12B)
[0916/182157.989:ERROR:process_memory_win.cc(73)] ReadMemory at 0x7ff8ceef5020 of 40 bytes failed: Only part of a ReadProcessMemory or WriteProcessMemory request was completed. (0x12B)
[0916/182157.989:ERROR:process_memory_win.cc(73)] ReadMemory at 0x7ff8d01cf5b0 of 176 bytes failed: Only part of a ReadProcessMemory or WriteProcessMemory request was completed. (0x12B)
[0916/182157.989:ERROR:process_memory_win.cc(73)] ReadMemory at 0x7ff8d1a006e0 of 18 bytes failed: Only part of a ReadProcessMemory or WriteProcessMemory request was completed. (0x12B)
[0916/182157.989:ERROR:process_memory_win.cc(73)] ReadMemory at 0x7ff8d1a344f8 of 40 bytes failed: Only part of a ReadProcessMemory or WriteProcessMemory request was completed. (0x12B)
[0916/182157.989:ERROR:process_memory_win.cc(73)] ReadMemory at 0x7ff8d1a34560 of 48 bytes failed: Only part of a ReadProcessMemory or WriteProcessMemory request was completed. (0x12B)
[0916/182157.989:ERROR:process_memory_win.cc(73)] ReadMemory at 0x7ff8d1a34978 of 48 bytes failed: Only part of a ReadProcessMemory or WriteProcessMemory request was completed. (0x12B)
[0916/182158.005:ERROR:process_memory_win.cc(73)] ReadMemory at 0x7ff8d1a38ce0 of 40 bytes failed: Only part of a ReadProcessMemory or WriteProcessMemory request was completed. (0x12B)
[0916/182158.005:ERROR:process_memory_win.cc(73)] ReadMemory at 0x7ff8d1a38e40 of 192 bytes failed: Only part of a ReadProcessMemory or WriteProcessMemory request was completed. (0x12B)
[0916/182158.005:ERROR:process_memory_win.cc(73)] ReadMemory at 0x7ff8d1a38f30 of 48 bytes failed: Only part of a ReadProcessMemory or WriteProcessMemory request was completed. (0x12B)
[0916/182158.005:ERROR:process_memory_win.cc(73)] ReadMemory at 0x7ff8d1a38f90 of 48 bytes failed: Only part of a ReadProcessMemory or WriteProcessMemory request was completed. (0x12B)
[0916/182158.005:ERROR:process_memory_win.cc(73)] ReadMemory at 0x7ff8d1a3a4c0 of 64 bytes failed: Only part of a ReadProcessMemory or WriteProcessMemory request was completed. (0x12B)
[0916/182158.005:ERROR:scoped_process_suspend.cc(40)] NtResumeProcess: An attempt was made to access an exiting process. (0xc000010a)
[0916/182158.036:ERROR:process_reader_win.cc(127)] NtOpenThread: {Access Denied} A process has requested access to an object, but has not been granted those access rights. (0xc0000022)
[0916/182158.036:ERROR:exception_snapshot_win.cc(100)] thread ID 24944 not found in process
[0916/182158.036:ERROR:process_reader_win.cc(127)] NtOpenThread: {Access Denied} A process has requested access to an object, but has not been granted those access rights. (0xc0000022)
[0916/182158.036:ERROR:process_reader_win.cc(127)] NtOpenThread: {Access Denied} A process has requested access to an object, but has not been granted those access rights. (0xc0000022)
[0916/182158.036:ERROR:exception_snapshot_win.cc(100)] thread ID 12892 not found in process
[0916/182158.036:ERROR:exception_snapshot_win.cc(100)] thread ID 23376 not found in process
[0916/182158.051:ERROR:process_reader_win.cc(127)] NtOpenThread: {Access Denied} A process has requested access to an object, but has not been granted those access rights. (0xc0000022)
[0916/182158.051:ERROR:exception_snapshot_win.cc(100)] thread ID 10392 not found in process
[0916/182158.067:ERROR:process_reader_win.cc(127)] NtOpenThread: {Access Denied} A process has requested access to an object, but has not been granted those access rights. (0xc0000022)
[0916/182158.098:ERROR:exception_snapshot_win.cc(100)] thread ID 18000 not found in process
[0916/182158.114:ERROR:scoped_process_suspend.cc(31)] NtSuspendProcess: An attempt was made to access an exiting process. (0xc000010a)
[0916/182158.114:ERROR:process_info.cc(118)] ReadProcessMemory bool __cdecl crashpad::(anonymous namespace)::ReadStruct(HANDLE, crashpad::WinVMAddress, T *) [T = crashpad::process_types::PEB<crashpad::process_types::internal::Traits64>]: Only part of a ReadProcessMemory or WriteProcessMemory request was completed. (0x12B)
[0916/182158.114:ERROR:process_info.cc(551)] ReadProcessData failed
[0916/182158.129:ERROR:process_reader_win.cc(127)] NtOpenThread: {Access Denied} A process has requested access to an object, but has not been granted those access rights. (0xc0000022)
[0916/182158.129:ERROR:exception_snapshot_win.cc(100)] thread ID 11812 not found in process
